SCIP version 5.0.0 [precision: 8 byte] [memory: block] [mode: optimized] [LP solver: NONE] [GitHash: 3bbd232]
Copyright (C) 2002-2017 Konrad-Zuse-Zentrum fuer Informationstechnik Berlin (ZIB)

External codes: 
  Readline EditLine w  GNU library for command line editing (gnu.org/s/readline)
  CppAD 20160000.1     Algorithmic Differentiation of C++ algorithms developed by B. Bell (www.coin-or.org/CppAD)
  ZLIB 1.2.5           General purpose compression library by J. Gailly and M. Adler (zlib.net)
  GMP 6.1.2            GNU Multiple Precision Arithmetic Library developed by T. Granlund (gmplib.org)

user parameter file <scip.set> not found - using default parameters

read problem <../../Split_data/output/spectf/7/2_sample_spectf.logreg>
============

File name	:	../../Split_data/output/spectf/7/2_sample_spectf.logreg
Problem name 	:	2_sample_spectf
Number of data	:	213
Number of var	:	44
The given data has linear independence

[dim=1] time: 0.008244
[dim=2] time: 0.016502
[dim=3] time: 0.024608
[dim=4] time: 0.031423
[dim=5] time: 0.037974
[dim=6] time: 0.04407
[dim=7] time: 0.05031
[dim=8] time: 0.056416
[dim=9] time: 0.062357
[dim=10] Time of forward = 0.068181sec.
AIC: 131.729
k: 9

[dim=44] time: 0.03628
[dim=43] time: 0.055588
[dim=42] time: 0.07617
[dim=41] time: 0.093448
[dim=40] time: 0.124067
[dim=39] time: 0.140524
[dim=38] time: 0.154496
[dim=37] time: 0.164703
[dim=36] time: 0.17478
[dim=35] time: 0.195713
[dim=34] time: 0.215393
[dim=33] time: 0.225888
[dim=32] time: 0.236981
[dim=31] time: 0.247192
[dim=30] time: 0.255864
[dim=29] time: 0.264255
[dim=28] time: 0.275016
[dim=27] time: 0.283022
[dim=26] time: 0.292321
[dim=25] time: 0.300394
[dim=24] time: 0.306564
[dim=23] time: 0.314305
[dim=22] time: 0.322141
[dim=21] time: 0.329393
[dim=20] time: 0.336636
[dim=19] time: 0.346865
[dim=18] Time of backward = 0.353117sec.
AIC: 129.495
k: 19
