SCIP version 5.0.0 [precision: 8 byte] [memory: block] [mode: optimized] [LP solver: NONE] [GitHash: 3bbd232]
Copyright (C) 2002-2017 Konrad-Zuse-Zentrum fuer Informationstechnik Berlin (ZIB)

External codes: 
  Readline EditLine w  GNU library for command line editing (gnu.org/s/readline)
  CppAD 20160000.1     Algorithmic Differentiation of C++ algorithms developed by B. Bell (www.coin-or.org/CppAD)
  ZLIB 1.2.5           General purpose compression library by J. Gailly and M. Adler (zlib.net)
  GMP 6.1.2            GNU Multiple Precision Arithmetic Library developed by T. Granlund (gmplib.org)

user parameter file <scip.set> not found - using default parameters

read problem <../../Split_data/output/spectf/7/4_sample_spectf.logreg>
============

File name	:	../../Split_data/output/spectf/7/4_sample_spectf.logreg
Problem name 	:	4_sample_spectf
Number of data	:	214
Number of var	:	44
The given data has linear independence

[dim=1] time: 0.007826
[dim=2] time: 0.016041
[dim=3] time: 0.023763
[dim=4] time: 0.030304
[dim=5] time: 0.037139
[dim=6] time: 0.043557
[dim=7] time: 0.052986
[dim=8] time: 0.063043
[dim=9] time: 0.068928
[dim=10] Time of forward = 0.074786sec.
AIC: 133.621
k: 9

[dim=44] time: 0.030455
[dim=43] time: 0.052334
[dim=42] time: 0.069336
[dim=41] time: 0.084798
[dim=40] time: 0.097559
[dim=39] time: 0.109738
[dim=38] time: 0.124139
[dim=37] time: 0.140988
[dim=36] time: 0.159109
[dim=35] time: 0.173414
[dim=34] time: 0.186294
[dim=33] time: 0.197489
[dim=32] time: 0.210471
[dim=31] time: 0.222842
[dim=30] time: 0.239651
[dim=29] time: 0.248754
[dim=28] time: 0.260518
[dim=27] time: 0.272873
[dim=26] time: 0.292001
[dim=25] time: 0.299059
[dim=24] time: 0.306965
[dim=23] time: 0.313958
[dim=22] time: 0.320183
[dim=21] time: 0.327152
[dim=20] time: 0.333585
[dim=19] time: 0.33857
[dim=18] time: 0.343898
[dim=17] time: 0.348381
[dim=16] time: 0.353201
[dim=15] time: 0.357146
[dim=14] time: 0.361249
[dim=13] time: 0.364649
[dim=12] time: 0.367197
[dim=11] time: 0.370385
[dim=10] time: 0.372904
[dim=9] time: 0.374953
[dim=8] Time of backward = 0.376412sec.
AIC: 133.621
k: 9
