SCIP version 5.0.0 [precision: 8 byte] [memory: block] [mode: optimized] [LP solver: NONE] [GitHash: 3bbd232]
Copyright (C) 2002-2017 Konrad-Zuse-Zentrum fuer Informationstechnik Berlin (ZIB)

External codes: 
  Readline EditLine w  GNU library for command line editing (gnu.org/s/readline)
  CppAD 20160000.1     Algorithmic Differentiation of C++ algorithms developed by B. Bell (www.coin-or.org/CppAD)
  ZLIB 1.2.5           General purpose compression library by J. Gailly and M. Adler (zlib.net)
  GMP 6.1.2            GNU Multiple Precision Arithmetic Library developed by T. Granlund (gmplib.org)

user parameter file <scip.set> not found - using default parameters

read problem <../../Split_data/output/seismic-bumps/7/2_sample_seismic-bumps.logreg>
============

File name	:	../../Split_data/output/seismic-bumps/7/2_sample_seismic-bumps.logreg
Problem name 	:	2_sample_seismic-bumps
Number of data	:	2067
Number of var	:	21
The given data has linear dependence
4 sets of column vector are linearly dependent:
{ 2 3}, { 4 5 6}, { 7 8}, { 13 14 15}, 

[dim=1] time: 0.04353
[dim=2] time: 0.090606
[dim=3] time: 0.126933
[dim=4] time: 0.166064
[dim=5] time: 0.201944
[dim=6] Time of forward = 0.218792sec.
AIC: 865.251
k: 5

[dim=17] time: 0.078553
[dim=16] time: 0.112743
[dim=15] time: 0.132067
[dim=14] time: 0.149278
[dim=13] time: 0.170874
[dim=12] time: 0.184929
[dim=11] time: 0.208178
[dim=10] time: 0.225559
[dim=9] Time of backward = 0.237022sec.
AIC: 868.915
k: 10
