SCIP version 5.0.0 [precision: 8 byte] [memory: block] [mode: optimized] [LP solver: NONE] [GitHash: 3bbd232]
Copyright (C) 2002-2017 Konrad-Zuse-Zentrum fuer Informationstechnik Berlin (ZIB)

External codes: 
  Readline EditLine w  GNU library for command line editing (gnu.org/s/readline)
  CppAD 20160000.1     Algorithmic Differentiation of C++ algorithms developed by B. Bell (www.coin-or.org/CppAD)
  ZLIB 1.2.5           General purpose compression library by J. Gailly and M. Adler (zlib.net)
  GMP 6.1.2            GNU Multiple Precision Arithmetic Library developed by T. Granlund (gmplib.org)

user parameter file <scip.set> not found - using default parameters

read problem <../../Split_data/output/spectf/0/2_sample_spectf.logreg>
============

File name	:	../../Split_data/output/spectf/0/2_sample_spectf.logreg
Problem name 	:	2_sample_spectf
Number of data	:	214
Number of var	:	44
The given data has linear independence

[dim=1] time: 0.008001
[dim=2] time: 0.016387
[dim=3] time: 0.025258
[dim=4] time: 0.032361
[dim=5] time: 0.039402
[dim=6] time: 0.046287
[dim=7] time: 0.053313
[dim=8] time: 0.059572
[dim=9] time: 0.065677
[dim=10] time: 0.071538
[dim=11] time: 0.077188
[dim=12] time: 0.082764
[dim=13] Time of forward = 0.088177sec.
AIC: 135.203
k: 12

[dim=44] time: 0.03525
[dim=43] time: 0.056911
[dim=42] time: 0.079021
[dim=41] time: 0.093064
[dim=40] time: 0.109646
[dim=39] time: 0.125935
[dim=38] time: 0.14291
[dim=37] time: 0.158029
[dim=36] time: 0.173242
[dim=35] time: 0.191615
[dim=34] time: 0.203965
[dim=33] time: 0.216818
[dim=32] time: 0.230355
[dim=31] time: 0.24407
[dim=30] Time of backward = 0.253348sec.
AIC: 126.737
k: 31
