SCIP version 5.0.0 [precision: 8 byte] [memory: block] [mode: optimized] [LP solver: NONE] [GitHash: 3bbd232]
Copyright (C) 2002-2017 Konrad-Zuse-Zentrum fuer Informationstechnik Berlin (ZIB)

External codes: 
  Readline EditLine w  GNU library for command line editing (gnu.org/s/readline)
  CppAD 20160000.1     Algorithmic Differentiation of C++ algorithms developed by B. Bell (www.coin-or.org/CppAD)
  ZLIB 1.2.5           General purpose compression library by J. Gailly and M. Adler (zlib.net)
  GMP 6.1.2            GNU Multiple Precision Arithmetic Library developed by T. Granlund (gmplib.org)

user parameter file <scip.set> not found - using default parameters

read problem <../../Split_data/output/parkin/4/2_sample_parkin.logreg>
============

File name	:	../../Split_data/output/parkin/4/2_sample_parkin.logreg
Problem name 	:	2_sample_parkin
Number of data	:	156
Number of var	:	22
The given data has linear independence

[dim=1] time: 0.003549
[dim=2] time: 0.009036
[dim=3] time: 0.011673
[dim=4] time: 0.013877
[dim=5] Time of forward = 0.016395sec.
AIC: 109.161
k: 4

[dim=22] time: 0.037362
[dim=21] time: 0.065951
[dim=20] time: 0.158533
[dim=19] time: 0.169941
[dim=18] time: 0.180047
[dim=17] time: 0.183583
[dim=16] time: 0.186791
[dim=15] time: 0.19687
[dim=14] time: 0.201515
[dim=13] time: 0.209569
[dim=12] time: 0.212191
[dim=11] time: 0.214212
[dim=10] time: 0.216141
[dim=9] time: 0.217386
[dim=8] Time of backward = 0.218777sec.
AIC: 98.9606
k: 9
