SCIP version 5.0.0 [precision: 8 byte] [memory: block] [mode: optimized] [LP solver: NONE] [GitHash: 3bbd232]
Copyright (C) 2002-2017 Konrad-Zuse-Zentrum fuer Informationstechnik Berlin (ZIB)

External codes: 
  Readline EditLine w  GNU library for command line editing (gnu.org/s/readline)
  CppAD 20160000.1     Algorithmic Differentiation of C++ algorithms developed by B. Bell (www.coin-or.org/CppAD)
  ZLIB 1.2.5           General purpose compression library by J. Gailly and M. Adler (zlib.net)
  GMP 6.1.2            GNU Multiple Precision Arithmetic Library developed by T. Granlund (gmplib.org)

user parameter file <scip.set> not found - using default parameters

read problem <../../Split_data/output/spectf/9/2_sample_spectf.logreg>
============

File name	:	../../Split_data/output/spectf/9/2_sample_spectf.logreg
Problem name 	:	2_sample_spectf
Number of data	:	213
Number of var	:	44
The given data has linear independence

[dim=1] time: 0.012923
[dim=2] time: 0.021322
[dim=3] time: 0.028932
[dim=4] time: 0.035482
[dim=5] time: 0.042397
[dim=6] time: 0.049264
[dim=7] time: 0.05565
[dim=8] time: 0.061754
[dim=9] time: 0.067761
[dim=10] Time of forward = 0.073509sec.
AIC: 123.111
k: 9

[dim=44] time: 0.038359
[dim=43] time: 0.053199
[dim=42] time: 0.068556
[dim=41] time: 0.085046
[dim=40] time: 0.099927
[dim=39] time: 0.11171
[dim=38] time: 0.127016
[dim=37] time: 0.139745
[dim=36] time: 0.152963
[dim=35] time: 0.167517
[dim=34] time: 0.178385
[dim=33] time: 0.190824
[dim=32] time: 0.201827
[dim=31] time: 0.2127
[dim=30] time: 0.222138
[dim=29] time: 0.230859
[dim=28] time: 0.241113
[dim=27] time: 0.250382
[dim=26] time: 0.259186
[dim=25] time: 0.26693
[dim=24] time: 0.274655
[dim=23] time: 0.281725
[dim=22] time: 0.289747
[dim=21] time: 0.295267
[dim=20] time: 0.300878
[dim=19] time: 0.307347
[dim=18] time: 0.312958
[dim=17] Time of backward = 0.318464sec.
AIC: 125.87
k: 18
