SCIP version 5.0.0 [precision: 8 byte] [memory: block] [mode: optimized] [LP solver: NONE] [GitHash: 3bbd232]
Copyright (C) 2002-2017 Konrad-Zuse-Zentrum fuer Informationstechnik Berlin (ZIB)

External codes: 
  Readline EditLine w  GNU library for command line editing (gnu.org/s/readline)
  CppAD 20160000.1     Algorithmic Differentiation of C++ algorithms developed by B. Bell (www.coin-or.org/CppAD)
  ZLIB 1.2.5           General purpose compression library by J. Gailly and M. Adler (zlib.net)
  GMP 6.1.2            GNU Multiple Precision Arithmetic Library developed by T. Granlund (gmplib.org)

user parameter file <scip.set> not found - using default parameters

read problem <../../Split_data/output/biodeg/2/2_sample_biodeg.logreg>
============

File name	:	../../Split_data/output/biodeg/2/2_sample_biodeg.logreg
Problem name 	:	2_sample_biodeg
Number of data	:	844
Number of var	:	41
The given data has linear independence

[dim=1] time: 0.03014
[dim=2] time: 0.059016
[dim=3] time: 0.107815
[dim=4] time: 0.138943
[dim=5] time: 0.169601
[dim=6] time: 0.205205
[dim=7] time: 0.23407
[dim=8] time: 0.261571
[dim=9] time: 0.289917
[dim=10] time: 0.317476
[dim=11] time: 0.349947
[dim=12] time: 0.382097
[dim=13] time: 0.407616
[dim=14] time: 0.432535
[dim=15] time: 0.457107
[dim=16] time: 0.479239
[dim=17] time: 0.502663
[dim=18] time: 0.525034
[dim=19] time: 0.543651
[dim=20] time: 0.559811
[dim=21] time: 0.575744
[dim=22] time: 0.591351
[dim=23] time: 0.610034
[dim=24] time: 0.624755
[dim=25] time: 0.639772
[dim=26] time: 0.65408
[dim=27] time: 0.673726
[dim=28] Time of forward = 0.686825sec.
AIC: 512.839
k: 27

[dim=41] time: 0.149362
[dim=40] time: 0.206965
[dim=39] time: 0.263027
[dim=38] time: 0.314242
[dim=37] time: 0.365775
[dim=36] time: 0.414678
[dim=35] time: 0.465229
[dim=34] time: 0.516213
[dim=33] time: 0.561782
[dim=32] time: 0.603965
[dim=31] time: 0.642241
[dim=30] time: 0.687962
[dim=29] time: 0.723417
[dim=28] time: 0.753343
[dim=27] time: 0.782624
[dim=26] time: 0.810338
[dim=25] Time of backward = 0.845994sec.
AIC: 511.82
k: 26
