SCIP version 5.0.0 [precision: 8 byte] [memory: block] [mode: optimized] [LP solver: NONE] [GitHash: 3bbd232]
Copyright (C) 2002-2017 Konrad-Zuse-Zentrum fuer Informationstechnik Berlin (ZIB)

External codes: 
  Readline EditLine w  GNU library for command line editing (gnu.org/s/readline)
  CppAD 20160000.1     Algorithmic Differentiation of C++ algorithms developed by B. Bell (www.coin-or.org/CppAD)
  ZLIB 1.2.5           General purpose compression library by J. Gailly and M. Adler (zlib.net)
  GMP 6.1.2            GNU Multiple Precision Arithmetic Library developed by T. Granlund (gmplib.org)

user parameter file <scip.set> not found - using default parameters

read problem <../../Split_data/output/biodeg/2/4_sample_biodeg.logreg>
============

File name	:	../../Split_data/output/biodeg/2/4_sample_biodeg.logreg
Problem name 	:	4_sample_biodeg
Number of data	:	844
Number of var	:	41
The given data has linear independence

[dim=1] time: 0.032843
[dim=2] time: 0.0629
[dim=3] time: 0.097211
[dim=4] time: 0.128466
[dim=5] time: 0.159139
[dim=6] time: 0.186802
[dim=7] time: 0.222799
[dim=8] time: 0.243492
[dim=9] time: 0.263722
[dim=10] time: 0.287395
[dim=11] time: 0.306914
[dim=12] time: 0.327564
[dim=13] time: 0.348927
[dim=14] time: 0.368105
[dim=15] time: 0.389987
[dim=16] time: 0.410165
[dim=17] time: 0.429325
[dim=18] time: 0.447786
[dim=19] time: 0.468058
[dim=20] time: 0.497551
[dim=21] time: 0.516284
[dim=22] time: 0.535121
[dim=23] time: 0.552824
[dim=24] time: 0.570738
[dim=25] time: 0.585895
[dim=26] time: 0.601084
[dim=27] time: 0.616107
[dim=28] Time of forward = 0.63016sec.
AIC: 539.683
k: 27

[dim=41] time: 0.163068
[dim=40] time: 0.221499
[dim=39] time: 0.274703
[dim=38] time: 0.308801
[dim=37] time: 0.371338
[dim=36] time: 0.417093
[dim=35] time: 0.459374
[dim=34] time: 0.508923
[dim=33] time: 0.583225
[dim=32] time: 0.625079
[dim=31] time: 0.664974
[dim=30] time: 0.698221
[dim=29] time: 0.733837
[dim=28] time: 0.764735
[dim=27] time: 0.797034
[dim=26] time: 0.827984
[dim=25] time: 0.861495
[dim=24] time: 0.8896
[dim=23] Time of backward = 0.923209sec.
AIC: 536.148
k: 24
