SCIP version 5.0.0 [precision: 8 byte] [memory: block] [mode: optimized] [LP solver: NONE] [GitHash: 3bbd232]
Copyright (C) 2002-2017 Konrad-Zuse-Zentrum fuer Informationstechnik Berlin (ZIB)

External codes: 
  Readline EditLine w  GNU library for command line editing (gnu.org/s/readline)
  CppAD 20160000.1     Algorithmic Differentiation of C++ algorithms developed by B. Bell (www.coin-or.org/CppAD)
  ZLIB 1.2.5           General purpose compression library by J. Gailly and M. Adler (zlib.net)
  GMP 6.1.2            GNU Multiple Precision Arithmetic Library developed by T. Granlund (gmplib.org)

user parameter file <scip.set> not found - using default parameters

read problem <../../Split_data/output/statH/3/2_sample_statH.logreg>
============

File name	:	../../Split_data/output/statH/3/2_sample_statH.logreg
Problem name 	:	2_sample_statH
Number of data	:	216
Number of var	:	25
The given data has linear dependence
7 sets of column vector are linearly dependent:
{ 3 4}, { 5 6 7 8}, { 11 12}, { 13 14 15}, { 17 18}, { 20 21 22}, { 24 25 26}, 

[dim=1] time: 0.004575
[dim=2] time: 0.008869
[dim=3] time: 0.013432
[dim=4] time: 0.017219
[dim=5] time: 0.021335
[dim=6] time: 0.026143
[dim=7] time: 0.034644
[dim=8] time: 0.040557
[dim=9] time: 0.045029
[dim=10] time: 0.048129
[dim=11] Time of forward = 0.051126sec.
AIC: 167.436
k: 10

[dim=18] time: 0.005456
[dim=17] time: 0.009343
[dim=16] time: 0.013295
[dim=15] time: 0.016251
[dim=14] time: 0.020355
[dim=13] time: 0.025395
[dim=12] time: 0.030836
[dim=11] Time of backward = 0.035301sec.
AIC: 169.15
k: 12
