SCIP version 5.0.0 [precision: 8 byte] [memory: block] [mode: optimized] [LP solver: NONE] [GitHash: 3bbd232]
Copyright (C) 2002-2017 Konrad-Zuse-Zentrum fuer Informationstechnik Berlin (ZIB)

External codes: 
  Readline EditLine w  GNU library for command line editing (gnu.org/s/readline)
  CppAD 20160000.1     Algorithmic Differentiation of C++ algorithms developed by B. Bell (www.coin-or.org/CppAD)
  ZLIB 1.2.5           General purpose compression library by J. Gailly and M. Adler (zlib.net)
  GMP 6.1.2            GNU Multiple Precision Arithmetic Library developed by T. Granlund (gmplib.org)

user parameter file <scip.set> not found - using default parameters

read problem <../../Split_data/output/statG/2/2_sample_statG.logreg>
============

File name	:	../../Split_data/output/statG/2/2_sample_statG.logreg
Problem name 	:	2_sample_statG
Number of data	:	800
Number of var	:	61
The given data has linear dependence
13 sets of column vector are linearly dependent:

[dim=1] time: 0.041097
[dim=2] time: 0.082105
[dim=3] time: 0.129287
[dim=4] time: 0.178714
[dim=5] time: 0.233261
[dim=6] time: 0.276328
[dim=7] time: 0.324355
[dim=8] time: 0.365612
[dim=9] time: 0.413884
[dim=10] time: 0.465745
[dim=11] time: 0.510244
[dim=12] time: 0.559292
[dim=13] time: 0.599841
[dim=14] time: 0.641203
[dim=15] time: 0.691422
[dim=16] time: 0.740194
[dim=17] time: 0.789102
[dim=18] time: 0.830608
[dim=19] time: 0.88769
[dim=20] time: 0.940562
[dim=21] time: 1.00086
[dim=22] time: 1.07684
[dim=23] time: 1.17816
[dim=24] time: 1.21655
[dim=25] Time of forward = 1.25691sec.
AIC: 779.385
k: 24

[dim=48] time: 0.206872
[dim=47] time: 0.2765
[dim=46] time: 0.444667
[dim=45] time: 0.540902
[dim=44] time: 0.671202
[dim=43] time: 0.802322
[dim=42] time: 0.907413
[dim=41] time: 1.00845
[dim=40] time: 1.14046
[dim=39] time: 1.22416
[dim=38] time: 1.34022
[dim=37] time: 1.41583
[dim=36] time: 1.49045
[dim=35] time: 1.58981
[dim=34] time: 1.6818
[dim=33] time: 1.76577
[dim=32] time: 1.86103
[dim=31] time: 1.9296
[dim=30] time: 2.00284
[dim=29] time: 2.07903
[dim=28] time: 2.13655
[dim=27] time: 2.20445
[dim=26] time: 2.25103
[dim=25] Time of backward = 2.30027sec.
AIC: 778.785
k: 26
