SCIP version 5.0.0 [precision: 8 byte] [memory: block] [mode: optimized] [LP solver: NONE] [GitHash: 3bbd232]
Copyright (C) 2002-2017 Konrad-Zuse-Zentrum fuer Informationstechnik Berlin (ZIB)

External codes: 
  Readline EditLine w  GNU library for command line editing (gnu.org/s/readline)
  CppAD 20160000.1     Algorithmic Differentiation of C++ algorithms developed by B. Bell (www.coin-or.org/CppAD)
  ZLIB 1.2.5           General purpose compression library by J. Gailly and M. Adler (zlib.net)
  GMP 6.1.2            GNU Multiple Precision Arithmetic Library developed by T. Granlund (gmplib.org)

user parameter file <scip.set> not found - using default parameters

read problem <../../Split_data/output/breast/7/2_sample_breast.logreg>
============

File name	:	../../Split_data/output/breast/7/2_sample_breast.logreg
Problem name 	:	2_sample_breast
Number of data	:	155
Number of var	:	33
The given data has linear dependence
17 sets of column vector are linearly dependent:
elements are all 0
elements are all 0
elements are all 0
elements are all 0
elements are all 0
elements are all 0

[dim=1] time: 0.002989
[dim=2] time: 0.00681
[dim=3] time: 0.009498
[dim=4] time: 0.01274
[dim=5] time: 0.014774
[dim=6] time: 0.016639
[dim=7] time: 0.018339
[dim=8] Time of forward = 0.019696sec.
AIC: 142.314
k: 7

[dim=16] time: 0.00416
[dim=15] time: 0.006938
[dim=14] time: 0.010401
[dim=13] time: 0.01436
[dim=12] time: 0.01742
[dim=11] time: 0.020503
[dim=10] time: 0.023166
[dim=9] time: 0.024741
[dim=8] time: 0.026277
[dim=7] Time of backward = 0.027611sec.
AIC: 141.694
k: 8
