SCIP version 5.0.0 [precision: 8 byte] [memory: block] [mode: optimized] [LP solver: NONE] [GitHash: 3bbd232]
Copyright (C) 2002-2017 Konrad-Zuse-Zentrum fuer Informationstechnik Berlin (ZIB)

External codes: 
  Readline EditLine w  GNU library for command line editing (gnu.org/s/readline)
  CppAD 20160000.1     Algorithmic Differentiation of C++ algorithms developed by B. Bell (www.coin-or.org/CppAD)
  ZLIB 1.2.5           General purpose compression library by J. Gailly and M. Adler (zlib.net)
  GMP 6.1.2            GNU Multiple Precision Arithmetic Library developed by T. Granlund (gmplib.org)

user parameter file <scip.set> not found - using default parameters

read problem <../../Split_data/output/statH/7/4_sample_statH.logreg>
============

File name	:	../../Split_data/output/statH/7/4_sample_statH.logreg
Problem name 	:	4_sample_statH
Number of data	:	216
Number of var	:	25
The given data has linear dependence
7 sets of column vector are linearly dependent:
{ 3 4}, { 5 6 7 8}, { 11 12}, { 13 14 15}, { 17 18}, { 20 21 22}, { 24 25 26}, 

[dim=1] time: 0.004354
[dim=2] time: 0.009252
[dim=3] time: 0.014138
[dim=4] time: 0.018302
[dim=5] time: 0.023849
[dim=6] time: 0.027978
[dim=7] time: 0.032119
[dim=8] time: 0.03584
[dim=9] time: 0.039437
[dim=10] time: 0.042608
[dim=11] time: 0.045613
[dim=12] Time of forward = 0.048363sec.
AIC: 155.908
k: 11

[dim=18] time: 0.007454
[dim=17] time: 0.01266
[dim=16] time: 0.017745
[dim=15] time: 0.023284
[dim=14] time: 0.026769
[dim=13] Time of backward = 0.030199sec.
AIC: 157.789
k: 14
