SCIP version 5.0.0 [precision: 8 byte] [memory: block] [mode: optimized] [LP solver: NONE] [GitHash: 3bbd232]
Copyright (C) 2002-2017 Konrad-Zuse-Zentrum fuer Informationstechnik Berlin (ZIB)

External codes: 
  Readline EditLine w  GNU library for command line editing (gnu.org/s/readline)
  CppAD 20160000.1     Algorithmic Differentiation of C++ algorithms developed by B. Bell (www.coin-or.org/CppAD)
  ZLIB 1.2.5           General purpose compression library by J. Gailly and M. Adler (zlib.net)
  GMP 6.1.2            GNU Multiple Precision Arithmetic Library developed by T. Granlund (gmplib.org)

user parameter file <scip.set> not found - using default parameters

read problem <../../Split_data/output/biodeg/3/2_sample_biodeg.logreg>
============

File name	:	../../Split_data/output/biodeg/3/2_sample_biodeg.logreg
Problem name 	:	2_sample_biodeg
Number of data	:	844
Number of var	:	41
The given data has linear independence

[dim=1] time: 0.028914
[dim=2] time: 0.05846
[dim=3] time: 0.094423
[dim=4] time: 0.124873
[dim=5] time: 0.155505
[dim=6] time: 0.186505
[dim=7] time: 0.218051
[dim=8] time: 0.244926
[dim=9] time: 0.271642
[dim=10] time: 0.313649
[dim=11] time: 0.348225
[dim=12] time: 0.373431
[dim=13] time: 0.399479
[dim=14] time: 0.425501
[dim=15] time: 0.456973
[dim=16] time: 0.481752
[dim=17] time: 0.504811
[dim=18] time: 0.532813
[dim=19] time: 0.562642
[dim=20] time: 0.598139
[dim=21] time: 0.614787
[dim=22] Time of forward = 0.631967sec.
AIC: 526.082
k: 21

[dim=41] time: 0.157108
[dim=40] time: 0.213574
[dim=39] time: 0.271675
[dim=38] time: 0.32167
[dim=37] time: 0.37774
[dim=36] time: 0.419619
[dim=35] time: 0.460675
[dim=34] time: 0.5041
[dim=33] time: 0.587301
[dim=32] time: 0.637309
[dim=31] time: 0.675053
[dim=30] time: 0.717735
[dim=29] time: 0.755768
[dim=28] time: 0.790721
[dim=27] time: 0.825259
[dim=26] time: 0.867647
[dim=25] time: 0.918647
[dim=24] time: 0.958296
[dim=23] time: 0.988348
[dim=22] time: 1.02383
[dim=21] time: 1.05459
[dim=20] Time of backward = 1.082sec.
AIC: 523.696
k: 21
