SCIP version 5.0.0 [precision: 8 byte] [memory: block] [mode: optimized] [LP solver: NONE] [GitHash: 3bbd232]
Copyright (C) 2002-2017 Konrad-Zuse-Zentrum fuer Informationstechnik Berlin (ZIB)

External codes: 
  Readline EditLine w  GNU library for command line editing (gnu.org/s/readline)
  CppAD 20160000.1     Algorithmic Differentiation of C++ algorithms developed by B. Bell (www.coin-or.org/CppAD)
  ZLIB 1.2.5           General purpose compression library by J. Gailly and M. Adler (zlib.net)
  GMP 6.1.2            GNU Multiple Precision Arithmetic Library developed by T. Granlund (gmplib.org)

user parameter file <scip.set> not found - using default parameters

read problem <../../Split_data/output/parkin/9/2_sample_parkin.logreg>
============

File name	:	../../Split_data/output/parkin/9/2_sample_parkin.logreg
Problem name 	:	2_sample_parkin
Number of data	:	156
Number of var	:	22
The given data has linear independence

[dim=1] time: 0.005246
[dim=2] time: 0.007882
[dim=3] time: 0.010438
[dim=4] time: 0.012749
[dim=5] time: 0.015091
[dim=6] time: 0.017639
[dim=7] Time of forward = 0.021525sec.
AIC: 107.36
k: 6

[dim=22] time: 0.080139
[dim=21] time: 0.16315
[dim=20] time: 0.240789
[dim=19] time: 0.320183
[dim=18] time: 0.381076
[dim=17] time: 0.533353
[dim=16] time: 0.65681
[dim=15] time: 0.660583
[dim=14] time: 0.664279
[dim=13] time: 0.666852
[dim=12] time: 0.668852
[dim=11] time: 0.670269
[dim=10] time: 0.672084
[dim=9] time: 0.673791
[dim=8] Time of backward = 0.675504sec.
AIC: 100.975
k: 9
