SCIP version 5.0.0 [precision: 8 byte] [memory: block] [mode: optimized] [LP solver: NONE] [GitHash: 3bbd232]
Copyright (C) 2002-2017 Konrad-Zuse-Zentrum fuer Informationstechnik Berlin (ZIB)

External codes: 
  Readline EditLine w  GNU library for command line editing (gnu.org/s/readline)
  CppAD 20160000.1     Algorithmic Differentiation of C++ algorithms developed by B. Bell (www.coin-or.org/CppAD)
  ZLIB 1.2.5           General purpose compression library by J. Gailly and M. Adler (zlib.net)
  GMP 6.1.2            GNU Multiple Precision Arithmetic Library developed by T. Granlund (gmplib.org)

user parameter file <scip.set> not found - using default parameters

read problem <../../Split_data/output/parkin/9/4_sample_parkin.logreg>
============

File name	:	../../Split_data/output/parkin/9/4_sample_parkin.logreg
Problem name 	:	4_sample_parkin
Number of data	:	156
Number of var	:	22
The given data has linear independence

[dim=1] time: 0.003171
[dim=2] time: 0.006308
[dim=3] time: 0.009018
[dim=4] time: 0.011405
[dim=5] time: 0.01378
[dim=6] time: 0.018058
[dim=7] time: 0.023346
[dim=8] time: 0.027121
[dim=9] Time of forward = 0.030597sec.
AIC: 93.7414
k: 8

[dim=22] time: 0.047598
[dim=21] time: 0.065481
[dim=20] time: 0.082744
[dim=19] time: 0.109692
[dim=18] time: 0.114354
[dim=17] time: 0.18471
[dim=16] time: 0.188077
[dim=15] time: 0.190873
[dim=14] time: 0.193278
[dim=13] time: 0.19562
[dim=12] time: 0.197695
[dim=11] time: 0.199762
[dim=10] Time of backward = 0.201814sec.
AIC: 95.9931
k: 11
