SCIP version 5.0.0 [precision: 8 byte] [memory: block] [mode: optimized] [LP solver: NONE] [GitHash: 3bbd232]
Copyright (C) 2002-2017 Konrad-Zuse-Zentrum fuer Informationstechnik Berlin (ZIB)

External codes: 
  Readline EditLine w  GNU library for command line editing (gnu.org/s/readline)
  CppAD 20160000.1     Algorithmic Differentiation of C++ algorithms developed by B. Bell (www.coin-or.org/CppAD)
  ZLIB 1.2.5           General purpose compression library by J. Gailly and M. Adler (zlib.net)
  GMP 6.1.2            GNU Multiple Precision Arithmetic Library developed by T. Granlund (gmplib.org)

user parameter file <scip.set> not found - using default parameters

read problem <../../Split_data/output/breast/4/2_sample_breast.logreg>
============

File name	:	../../Split_data/output/breast/4/2_sample_breast.logreg
Problem name 	:	2_sample_breast
Number of data	:	155
Number of var	:	33
The given data has linear independence

[dim=1] time: 0.005125
[dim=2] time: 0.00926
[dim=3] time: 0.013243
[dim=4] time: 0.017175
[dim=5] time: 0.021165
[dim=6] time: 0.027005
[dim=7] Time of forward = 0.030655sec.
AIC: 148.165
k: 6

[dim=33] time: 0.013718
[dim=32] time: 0.025929
[dim=31] time: 0.034794
[dim=30] time: 0.044432
[dim=29] time: 0.053358
[dim=28] time: 0.063394
[dim=27] time: 0.070766
[dim=26] time: 0.078043
[dim=25] time: 0.086019
[dim=24] time: 0.092663
[dim=23] Time of backward = 0.099243sec.
AIC: 127.197
k: 24
