SCIP version 5.0.0 [precision: 8 byte] [memory: block] [mode: optimized] [LP solver: NONE] [GitHash: 3bbd232]
Copyright (C) 2002-2017 Konrad-Zuse-Zentrum fuer Informationstechnik Berlin (ZIB)

External codes: 
  Readline EditLine w  GNU library for command line editing (gnu.org/s/readline)
  CppAD 20160000.1     Algorithmic Differentiation of C++ algorithms developed by B. Bell (www.coin-or.org/CppAD)
  ZLIB 1.2.5           General purpose compression library by J. Gailly and M. Adler (zlib.net)
  GMP 6.1.2            GNU Multiple Precision Arithmetic Library developed by T. Granlund (gmplib.org)

user parameter file <scip.set> not found - using default parameters

read problem <../../Split_data/output/breast/4/4_sample_breast.logreg>
============

File name	:	../../Split_data/output/breast/4/4_sample_breast.logreg
Problem name 	:	4_sample_breast
Number of data	:	155
Number of var	:	33
The given data has linear dependence
16 sets of column vector are linearly dependent:
elements are all 0
elements are all 0
elements are all 0
elements are all 0
elements are all 0
elements are all 0

[dim=1] time: 0.002515
[dim=2] time: 0.00479
[dim=3] time: 0.007108
[dim=4] time: 0.00931
[dim=5] time: 0.01129
[dim=6] time: 0.013173
[dim=7] Time of forward = 0.014967sec.
AIC: 128.289
k: 6

[dim=17] time: 0.005181
[dim=16] time: 0.0079
[dim=15] time: 0.011427
[dim=14] time: 0.013945
[dim=13] time: 0.016207
[dim=12] time: 0.018373
[dim=11] time: 0.020356
[dim=10] time: 0.022253
[dim=9] time: 0.024012
[dim=8] time: 0.025548
[dim=7] Time of backward = 0.026848sec.
AIC: 128.388
k: 8
