SCIP version 5.0.0 [precision: 8 byte] [memory: block] [mode: optimized] [LP solver: NONE] [GitHash: 3bbd232]
Copyright (C) 2002-2017 Konrad-Zuse-Zentrum fuer Informationstechnik Berlin (ZIB)

External codes: 
  Readline EditLine w  GNU library for command line editing (gnu.org/s/readline)
  CppAD 20160000.1     Algorithmic Differentiation of C++ algorithms developed by B. Bell (www.coin-or.org/CppAD)
  ZLIB 1.2.5           General purpose compression library by J. Gailly and M. Adler (zlib.net)
  GMP 6.1.2            GNU Multiple Precision Arithmetic Library developed by T. Granlund (gmplib.org)

user parameter file <scip.set> not found - using default parameters

read problem <../../Split_data/output/breast/1/2_sample_breast.logreg>
============

File name	:	../../Split_data/output/breast/1/2_sample_breast.logreg
Problem name 	:	2_sample_breast
Number of data	:	155
Number of var	:	33
The given data has linear independence

[dim=1] time: 0.003538
[dim=2] time: 0.007895
[dim=3] time: 0.011924
[dim=4] time: 0.016017
[dim=5] time: 0.019819
[dim=6] time: 0.023671
[dim=7] time: 0.027443
[dim=8] Time of forward = 0.031183sec.
AIC: 143.094
k: 7

[dim=33] time: 0.013116
[dim=32] time: 0.026353
[dim=31] time: 0.040404
[dim=30] time: 0.051987
[dim=29] time: 0.064751
[dim=28] time: 0.074132
[dim=27] time: 0.087962
[dim=26] time: 0.095267
[dim=25] time: 0.102359
[dim=24] time: 0.10894
[dim=23] time: 0.115933
[dim=22] Time of backward = 0.121013sec.
AIC: 110.629
k: 23
