SCIP version 5.0.0 [precision: 8 byte] [memory: block] [mode: optimized] [LP solver: NONE] [GitHash: 3bbd232]
Copyright (C) 2002-2017 Konrad-Zuse-Zentrum fuer Informationstechnik Berlin (ZIB)

External codes: 
  Readline EditLine w  GNU library for command line editing (gnu.org/s/readline)
  CppAD 20160000.1     Algorithmic Differentiation of C++ algorithms developed by B. Bell (www.coin-or.org/CppAD)
  ZLIB 1.2.5           General purpose compression library by J. Gailly and M. Adler (zlib.net)
  GMP 6.1.2            GNU Multiple Precision Arithmetic Library developed by T. Granlund (gmplib.org)

user parameter file <scip.set> not found - using default parameters

read problem <../../Split_data/output/biodeg/0/2_sample_biodeg.logreg>
============

File name	:	../../Split_data/output/biodeg/0/2_sample_biodeg.logreg
Problem name 	:	2_sample_biodeg
Number of data	:	844
Number of var	:	41
The given data has linear dependence
1 sets of column vector are linearly dependent:
{ 19}, 

[dim=1] time: 0.027544
[dim=2] time: 0.060679
[dim=3] time: 0.094092
[dim=4] time: 0.127173
[dim=5] time: 0.159597
[dim=6] time: 0.193141
[dim=7] time: 0.241194
[dim=8] time: 0.269687
[dim=9] time: 0.299851
[dim=10] time: 0.334909
[dim=11] time: 0.362133
[dim=12] time: 0.387429
[dim=13] time: 0.413719
[dim=14] time: 0.441057
[dim=15] time: 0.474225
[dim=16] time: 0.506893
[dim=17] time: 0.530522
[dim=18] time: 0.554014
[dim=19] time: 0.578774
[dim=20] time: 0.601748
[dim=21] time: 0.615327
[dim=22] time: 0.628807
[dim=23] time: 0.641982
[dim=24] time: 0.654143
[dim=25] time: 0.666002
[dim=26] time: 0.678311
[dim=27] time: 0.687724
[dim=28] Time of forward = 0.725299sec.
AIC: 495.144
k: 27

[dim=40] time: 0.161509
[dim=39] time: 0.254709
[dim=38] time: 0.306031
[dim=37] time: 0.38703
[dim=36] time: 0.429241
[dim=35] time: 0.468907
[dim=34] time: 0.522029
[dim=33] time: 0.595897
[dim=32] time: 0.67703
[dim=31] time: 0.724058
[dim=30] time: 0.755538
[dim=29] time: 0.784246
[dim=28] time: 0.811835
[dim=27] time: 0.842489
[dim=26] time: 0.870043
[dim=25] Time of backward = 0.897012sec.
AIC: 491.19
k: 26
