SCIP version 5.0.0 [precision: 8 byte] [memory: block] [mode: optimized] [LP solver: NONE] [GitHash: 3bbd232]
Copyright (C) 2002-2017 Konrad-Zuse-Zentrum fuer Informationstechnik Berlin (ZIB)

External codes: 
  Readline EditLine w  GNU library for command line editing (gnu.org/s/readline)
  CppAD 20160000.1     Algorithmic Differentiation of C++ algorithms developed by B. Bell (www.coin-or.org/CppAD)
  ZLIB 1.2.5           General purpose compression library by J. Gailly and M. Adler (zlib.net)
  GMP 6.1.2            GNU Multiple Precision Arithmetic Library developed by T. Granlund (gmplib.org)

user parameter file <scip.set> not found - using default parameters

read problem <../../Split_data/output/biodeg/0/4_sample_biodeg.logreg>
============

File name	:	../../Split_data/output/biodeg/0/4_sample_biodeg.logreg
Problem name 	:	4_sample_biodeg
Number of data	:	844
Number of var	:	41
The given data has linear independence

[dim=1] time: 0.032147
[dim=2] time: 0.06199
[dim=3] time: 0.103316
[dim=4] time: 0.138224
[dim=5] time: 0.176588
[dim=6] time: 0.204431
[dim=7] time: 0.233039
[dim=8] time: 0.262483
[dim=9] time: 0.2824
[dim=10] time: 0.302702
[dim=11] time: 0.323614
[dim=12] time: 0.343702
[dim=13] time: 0.362496
[dim=14] time: 0.382333
[dim=15] time: 0.40331
[dim=16] time: 0.42285
[dim=17] time: 0.44187
[dim=18] time: 0.46154
[dim=19] time: 0.480759
[dim=20] time: 0.500344
[dim=21] time: 0.525321
[dim=22] time: 0.543603
[dim=23] time: 0.561901
[dim=24] time: 0.578658
[dim=25] time: 0.594288
[dim=26] time: 0.608921
[dim=27] Time of forward = 0.624542sec.
AIC: 519.199
k: 26

[dim=41] time: 0.166399
[dim=40] time: 0.228369
[dim=39] time: 0.298488
[dim=38] time: 0.359834
[dim=37] time: 0.415958
[dim=36] time: 0.456366
[dim=35] time: 0.520902
[dim=34] time: 0.580746
[dim=33] time: 0.634765
[dim=32] time: 0.683848
[dim=31] time: 0.722553
[dim=30] time: 0.759529
[dim=29] time: 0.794867
[dim=28] time: 0.838369
[dim=27] time: 0.868838
[dim=26] time: 0.899298
[dim=25] time: 0.92911
[dim=24] time: 0.960088
[dim=23] time: 0.987038
[dim=22] time: 1.01878
[dim=21] Time of backward = 1.04248sec.
AIC: 514.312
k: 22
