SCIP version 5.0.0 [precision: 8 byte] [memory: block] [mode: optimized] [LP solver: NONE] [GitHash: 3bbd232]
Copyright (C) 2002-2017 Konrad-Zuse-Zentrum fuer Informationstechnik Berlin (ZIB)

External codes: 
  Readline EditLine w  GNU library for command line editing (gnu.org/s/readline)
  CppAD 20160000.1     Algorithmic Differentiation of C++ algorithms developed by B. Bell (www.coin-or.org/CppAD)
  ZLIB 1.2.5           General purpose compression library by J. Gailly and M. Adler (zlib.net)
  GMP 6.1.2            GNU Multiple Precision Arithmetic Library developed by T. Granlund (gmplib.org)

user parameter file <scip.set> not found - using default parameters

read problem <../../Split_data/output/breast/2/2_sample_breast.logreg>
============

File name	:	../../Split_data/output/breast/2/2_sample_breast.logreg
Problem name 	:	2_sample_breast
Number of data	:	155
Number of var	:	33
The given data has linear independence

[dim=1] time: 0.003645
[dim=2] time: 0.007874
[dim=3] time: 0.012106
[dim=4] time: 0.016027
[dim=5] time: 0.019868
[dim=6] time: 0.02395
[dim=7] time: 0.027793
[dim=8] time: 0.03148
[dim=9] time: 0.035395
[dim=10] time: 0.038758
[dim=11] time: 0.042221
[dim=12] time: 0.045088
[dim=13] time: 0.048243
[dim=14] time: 0.051281
[dim=15] Time of forward = 0.054021sec.
AIC: 135.16
k: 14

[dim=33] time: 0.011772
[dim=32] time: 0.021641
[dim=31] time: 0.029798
[dim=30] time: 0.038854
[dim=29] time: 0.046799
[dim=28] time: 0.05542
[dim=27] time: 0.064222
[dim=26] time: 0.07211
[dim=25] time: 0.079188
[dim=24] time: 0.085083
[dim=23] Time of backward = 0.091764sec.
AIC: 128.725
k: 24
