SCIP version 5.0.0 [precision: 8 byte] [memory: block] [mode: optimized] [LP solver: NONE] [GitHash: 3bbd232]
Copyright (C) 2002-2017 Konrad-Zuse-Zentrum fuer Informationstechnik Berlin (ZIB)

External codes: 
  Readline EditLine w  GNU library for command line editing (gnu.org/s/readline)
  CppAD 20160000.1     Algorithmic Differentiation of C++ algorithms developed by B. Bell (www.coin-or.org/CppAD)
  ZLIB 1.2.5           General purpose compression library by J. Gailly and M. Adler (zlib.net)
  GMP 6.1.2            GNU Multiple Precision Arithmetic Library developed by T. Granlund (gmplib.org)

user parameter file <scip.set> not found - using default parameters

read problem <../../Split_data/output/seismic-bumps/1/2_sample_seismic-bumps.logreg>
============

File name	:	../../Split_data/output/seismic-bumps/1/2_sample_seismic-bumps.logreg
Problem name 	:	2_sample_seismic-bumps
Number of data	:	2067
Number of var	:	21
The given data has linear dependence
4 sets of column vector are linearly dependent:
{ 2 3}, { 4 5 6}, { 7 8}, { 13 14 15}, 

[dim=1] time: 0.033049
[dim=2] time: 0.075757
[dim=3] time: 0.110355
[dim=4] time: 0.14534
[dim=5] time: 0.177069
[dim=6] time: 0.206241
[dim=7] time: 0.23624
[dim=8] Time of forward = 0.261699sec.
AIC: 825.538
k: 7

[dim=17] time: 0.416609
[dim=16] time: 3.04577
[dim=15] time: 3.10016
[dim=14] time: 3.94344
[dim=13] time: 5.05193
[dim=12] time: 5.3215
[dim=11] time: 5.46344
[dim=10] time: 5.66074
[dim=9] Time of backward = 5.69054sec.
AIC: 820.567
k: 10
