SCIP version 5.0.0 [precision: 8 byte] [memory: block] [mode: optimized] [LP solver: NONE] [GitHash: 3bbd232]
Copyright (C) 2002-2017 Konrad-Zuse-Zentrum fuer Informationstechnik Berlin (ZIB)

External codes: 
  Readline EditLine w  GNU library for command line editing (gnu.org/s/readline)
  CppAD 20160000.1     Algorithmic Differentiation of C++ algorithms developed by B. Bell (www.coin-or.org/CppAD)
  ZLIB 1.2.5           General purpose compression library by J. Gailly and M. Adler (zlib.net)
  GMP 6.1.2            GNU Multiple Precision Arithmetic Library developed by T. Granlund (gmplib.org)

user parameter file <scip.set> not found - using default parameters

read problem <../../Split_data/output/statG/9/2_sample_statG.logreg>
============

File name	:	../../Split_data/output/statG/9/2_sample_statG.logreg
Problem name 	:	2_sample_statG
Number of data	:	800
Number of var	:	61
The given data has linear dependence
13 sets of column vector are linearly dependent:

[dim=1] time: 0.042525
[dim=2] time: 0.083509
[dim=3] time: 0.131265
[dim=4] time: 0.170017
[dim=5] time: 0.209871
[dim=6] time: 0.251244
[dim=7] time: 0.293031
[dim=8] time: 0.333627
[dim=9] time: 0.374471
[dim=10] time: 0.414602
[dim=11] time: 0.455316
[dim=12] time: 0.496154
[dim=13] time: 0.551136
[dim=14] time: 0.591274
[dim=15] time: 0.63275
[dim=16] time: 0.672796
[dim=17] time: 0.712563
[dim=18] time: 0.750347
[dim=19] time: 0.788
[dim=20] time: 0.826294
[dim=21] time: 0.863994
[dim=22] time: 0.90374
[dim=23] time: 0.947845
[dim=24] time: 0.981039
[dim=25] time: 1.02375
[dim=26] Time of forward = 1.06447sec.
AIC: 753.715
k: 25

[dim=48] time: 0.107776
[dim=47] time: 0.194355
[dim=46] time: 0.277128
[dim=45] time: 0.342199
[dim=44] time: 0.422854
[dim=43] time: 0.491939
[dim=42] time: 0.540965
[dim=41] time: 0.599254
[dim=40] time: 0.648722
[dim=39] time: 0.708977
[dim=38] time: 0.758604
[dim=37] time: 0.811245
[dim=36] time: 0.861506
[dim=35] time: 0.903297
[dim=34] time: 0.94117
[dim=33] time: 0.993272
[dim=32] time: 1.03096
[dim=31] time: 1.07948
[dim=30] time: 1.10651
[dim=29] time: 1.13837
[dim=28] Time of backward = 1.17679sec.
AIC: 758.898
k: 29
