SCIP version 5.0.0 [precision: 8 byte] [memory: block] [mode: optimized] [LP solver: NONE] [GitHash: 3bbd232]
Copyright (C) 2002-2017 Konrad-Zuse-Zentrum fuer Informationstechnik Berlin (ZIB)

External codes: 
  Readline EditLine w  GNU library for command line editing (gnu.org/s/readline)
  CppAD 20160000.1     Algorithmic Differentiation of C++ algorithms developed by B. Bell (www.coin-or.org/CppAD)
  ZLIB 1.2.5           General purpose compression library by J. Gailly and M. Adler (zlib.net)
  GMP 6.1.2            GNU Multiple Precision Arithmetic Library developed by T. Granlund (gmplib.org)

user parameter file <scip.set> not found - using default parameters

read problem <../../Split_data/output/statG/9/4_sample_statG.logreg>
============

File name	:	../../Split_data/output/statG/9/4_sample_statG.logreg
Problem name 	:	4_sample_statG
Number of data	:	800
Number of var	:	61
The given data has linear dependence
13 sets of column vector are linearly dependent:

[dim=1] time: 0.034843
[dim=2] time: 0.074521
[dim=3] time: 0.113739
[dim=4] time: 0.153264
[dim=5] time: 0.193169
[dim=6] time: 0.236619
[dim=7] time: 0.285875
[dim=8] time: 0.327746
[dim=9] time: 0.369783
[dim=10] time: 0.411279
[dim=11] time: 0.452585
[dim=12] time: 0.49397
[dim=13] time: 0.534105
[dim=14] time: 0.575443
[dim=15] time: 0.61639
[dim=16] time: 0.657253
[dim=17] time: 0.697326
[dim=18] time: 0.737548
[dim=19] time: 0.776427
[dim=20] time: 0.815488
[dim=21] time: 0.852542
[dim=22] Time of forward = 0.888831sec.
AIC: 773.639
k: 21

[dim=48] time: 0.10647
[dim=47] time: 0.191042
[dim=46] time: 0.270194
[dim=45] time: 0.345935
[dim=44] time: 0.408454
[dim=43] time: 0.472926
[dim=42] time: 0.552734
[dim=41] time: 0.609606
[dim=40] time: 0.653545
[dim=39] time: 0.708535
[dim=38] time: 0.764691
[dim=37] time: 0.818179
[dim=36] time: 0.873866
[dim=35] time: 0.929345
[dim=34] time: 0.98076
[dim=33] time: 1.02672
[dim=32] time: 1.06889
[dim=31] time: 1.10922
[dim=30] time: 1.14804
[dim=29] time: 1.18654
[dim=28] time: 1.2225
[dim=27] time: 1.25494
[dim=26] time: 1.28581
[dim=25] time: 1.31422
[dim=24] time: 1.34329
[dim=23] Time of backward = 1.37173sec.
AIC: 778.183
k: 24
