SCIP version 5.0.0 [precision: 8 byte] [memory: block] [mode: optimized] [LP solver: NONE] [GitHash: 3bbd232]
Copyright (C) 2002-2017 Konrad-Zuse-Zentrum fuer Informationstechnik Berlin (ZIB)

External codes: 
  Readline EditLine w  GNU library for command line editing (gnu.org/s/readline)
  CppAD 20160000.1     Algorithmic Differentiation of C++ algorithms developed by B. Bell (www.coin-or.org/CppAD)
  ZLIB 1.2.5           General purpose compression library by J. Gailly and M. Adler (zlib.net)
  GMP 6.1.2            GNU Multiple Precision Arithmetic Library developed by T. Granlund (gmplib.org)

user parameter file <scip.set> not found - using default parameters

read problem <../../Split_data/output/statG/4/2_sample_statG.logreg>
============

File name	:	../../Split_data/output/statG/4/2_sample_statG.logreg
Problem name 	:	2_sample_statG
Number of data	:	800
Number of var	:	61
The given data has linear dependence
13 sets of column vector are linearly dependent:

[dim=1] time: 0.034623
[dim=2] time: 0.080556
[dim=3] time: 0.12066
[dim=4] time: 0.159346
[dim=5] time: 0.199453
[dim=6] time: 0.240546
[dim=7] time: 0.280697
[dim=8] time: 0.321158
[dim=9] time: 0.362335
[dim=10] time: 0.40187
[dim=11] time: 0.441821
[dim=12] time: 0.481549
[dim=13] time: 0.520836
[dim=14] time: 0.561027
[dim=15] time: 0.601618
[dim=16] time: 0.640941
[dim=17] time: 0.679813
[dim=18] time: 0.718009
[dim=19] time: 0.757311
[dim=20] time: 0.794513
[dim=21] time: 0.831865
[dim=22] time: 0.869483
[dim=23] time: 0.905397
[dim=24] time: 0.939015
[dim=25] time: 0.972924
[dim=26] Time of forward = 1.00695sec.
AIC: 749.59
k: 25

[dim=48] time: 0.108021
[dim=47] time: 0.190586
[dim=46] time: 0.26916
[dim=45] time: 0.338669
[dim=44] time: 0.406516
[dim=43] time: 0.477447
[dim=42] time: 0.53151
[dim=41] time: 0.594712
[dim=40] time: 0.6432
[dim=39] time: 0.703072
[dim=38] time: 0.754561
[dim=37] time: 0.804593
[dim=36] time: 0.845477
[dim=35] time: 0.89809
[dim=34] time: 0.931096
[dim=33] time: 0.975119
[dim=32] time: 1.0125
[dim=31] time: 1.05621
[dim=30] time: 1.09627
[dim=29] time: 1.13222
[dim=28] time: 1.16921
[dim=27] time: 1.20617
[dim=26] Time of backward = 1.24658sec.
AIC: 754.14
k: 27
