SCIP version 5.0.0 [precision: 8 byte] [memory: block] [mode: optimized] [LP solver: NONE] [GitHash: 3bbd232]
Copyright (C) 2002-2017 Konrad-Zuse-Zentrum fuer Informationstechnik Berlin (ZIB)

External codes: 
  Readline EditLine w  GNU library for command line editing (gnu.org/s/readline)
  CppAD 20160000.1     Algorithmic Differentiation of C++ algorithms developed by B. Bell (www.coin-or.org/CppAD)
  ZLIB 1.2.5           General purpose compression library by J. Gailly and M. Adler (zlib.net)
  GMP 6.1.2            GNU Multiple Precision Arithmetic Library developed by T. Granlund (gmplib.org)

user parameter file <scip.set> not found - using default parameters

read problem <../../Split_data/output/biodeg/8/2_sample_biodeg.logreg>
============

File name	:	../../Split_data/output/biodeg/8/2_sample_biodeg.logreg
Problem name 	:	2_sample_biodeg
Number of data	:	844
Number of var	:	41
The given data has linear independence

[dim=1] time: 0.037239
[dim=2] time: 0.069453
[dim=3] time: 0.103613
[dim=4] time: 0.136274
[dim=5] time: 0.17069
[dim=6] time: 0.207772
[dim=7] time: 0.240414
[dim=8] time: 0.271144
[dim=9] time: 0.296995
[dim=10] time: 0.323004
[dim=11] time: 0.349445
[dim=12] time: 0.373953
[dim=13] time: 0.398984
[dim=14] time: 0.423558
[dim=15] time: 0.44084
[dim=16] time: 0.458315
[dim=17] time: 0.487585
[dim=18] time: 0.505825
[dim=19] time: 0.523432
[dim=20] time: 0.540565
[dim=21] time: 0.560328
[dim=22] Time of forward = 0.578621sec.
AIC: 532.461
k: 21

[dim=41] time: 0.151496
[dim=40] time: 0.202657
[dim=39] time: 0.252943
[dim=38] time: 0.300059
[dim=37] time: 0.348204
[dim=36] time: 0.394376
[dim=35] time: 0.438083
[dim=34] time: 0.485552
[dim=33] time: 0.529483
[dim=32] time: 0.568024
[dim=31] time: 0.602708
[dim=30] time: 0.643218
[dim=29] time: 0.685038
[dim=28] time: 0.717722
[dim=27] time: 0.751151
[dim=26] time: 0.779201
[dim=25] Time of backward = 0.805723sec.
AIC: 532.178
k: 26
