SCIP version 5.0.0 [precision: 8 byte] [memory: block] [mode: optimized] [LP solver: NONE] [GitHash: 3bbd232]
Copyright (C) 2002-2017 Konrad-Zuse-Zentrum fuer Informationstechnik Berlin (ZIB)

External codes: 
  Readline EditLine w  GNU library for command line editing (gnu.org/s/readline)
  CppAD 20160000.1     Algorithmic Differentiation of C++ algorithms developed by B. Bell (www.coin-or.org/CppAD)
  ZLIB 1.2.5           General purpose compression library by J. Gailly and M. Adler (zlib.net)
  GMP 6.1.2            GNU Multiple Precision Arithmetic Library developed by T. Granlund (gmplib.org)

user parameter file <scip.set> not found - using default parameters

read problem <../../Split_data/output/biodeg/8/4_sample_biodeg.logreg>
============

File name	:	../../Split_data/output/biodeg/8/4_sample_biodeg.logreg
Problem name 	:	4_sample_biodeg
Number of data	:	844
Number of var	:	41
The given data has linear independence

[dim=1] time: 0.029529
[dim=2] time: 0.060244
[dim=3] time: 0.095905
[dim=4] time: 0.126005
[dim=5] time: 0.162298
[dim=6] time: 0.189941
[dim=7] time: 0.219129
[dim=8] time: 0.247652
[dim=9] time: 0.272928
[dim=10] time: 0.302099
[dim=11] time: 0.332174
[dim=12] time: 0.357658
[dim=13] time: 0.383041
[dim=14] time: 0.407807
[dim=15] time: 0.425266
[dim=16] time: 0.448953
[dim=17] time: 0.467942
[dim=18] time: 0.485012
[dim=19] time: 0.50242
[dim=20] time: 0.531513
[dim=21] time: 0.548324
[dim=22] time: 0.57546
[dim=23] time: 0.593691
[dim=24] Time of forward = 0.610137sec.
AIC: 549.13
k: 23

[dim=41] time: 0.14081
[dim=40] time: 0.195994
[dim=39] time: 0.249605
[dim=38] time: 0.308405
[dim=37] time: 0.352517
[dim=36] time: 0.419072
[dim=35] time: 0.461789
[dim=34] time: 0.511058
[dim=33] time: 0.559348
[dim=32] time: 0.597749
[dim=31] time: 0.636846
[dim=30] time: 0.672424
[dim=29] time: 0.715599
[dim=28] time: 0.750804
[dim=27] time: 0.785103
[dim=26] time: 0.815491
[dim=25] time: 0.842985
[dim=24] time: 0.868985
[dim=23] time: 0.892574
[dim=22] Time of backward = 0.911517sec.
AIC: 547.406
k: 23
