SCIP version 5.0.0 [precision: 8 byte] [memory: block] [mode: optimized] [LP solver: NONE] [GitHash: 3bbd232]
Copyright (C) 2002-2017 Konrad-Zuse-Zentrum fuer Informationstechnik Berlin (ZIB)

External codes: 
  Readline EditLine w  GNU library for command line editing (gnu.org/s/readline)
  CppAD 20160000.1     Algorithmic Differentiation of C++ algorithms developed by B. Bell (www.coin-or.org/CppAD)
  ZLIB 1.2.5           General purpose compression library by J. Gailly and M. Adler (zlib.net)
  GMP 6.1.2            GNU Multiple Precision Arithmetic Library developed by T. Granlund (gmplib.org)

user parameter file <scip.set> not found - using default parameters

read problem <../../Split_data/output/statG/3/2_sample_statG.logreg>
============

File name	:	../../Split_data/output/statG/3/2_sample_statG.logreg
Problem name 	:	2_sample_statG
Number of data	:	800
Number of var	:	61
The given data has linear dependence
13 sets of column vector are linearly dependent:

[dim=1] time: 0.037249
[dim=2] time: 0.079171
[dim=3] time: 0.123569
[dim=4] time: 0.162139
[dim=5] time: 0.201994
[dim=6] time: 0.242177
[dim=7] time: 0.283762
[dim=8] time: 0.324459
[dim=9] time: 0.365362
[dim=10] time: 0.408627
[dim=11] time: 0.451076
[dim=12] time: 0.496157
[dim=13] time: 0.537018
[dim=14] time: 0.577396
[dim=15] time: 0.61845
[dim=16] time: 0.657971
[dim=17] time: 0.697179
[dim=18] time: 0.736564
[dim=19] time: 0.775396
[dim=20] time: 0.823886
[dim=21] time: 0.86123
[dim=22] time: 0.895816
[dim=23] time: 0.928398
[dim=24] Time of forward = 0.966618sec.
AIC: 800.278
k: 23

[dim=48] time: 0.106288
[dim=47] time: 0.179002
[dim=46] time: 0.244334
[dim=45] time: 0.321736
[dim=44] time: 0.391548
[dim=43] time: 0.454148
[dim=42] time: 0.516312
[dim=41] time: 0.57718
[dim=40] time: 0.645832
[dim=39] time: 0.711585
[dim=38] time: 0.762443
[dim=37] time: 0.819711
[dim=36] time: 0.873747
[dim=35] time: 0.924896
[dim=34] time: 0.971763
[dim=33] time: 1.01137
[dim=32] time: 1.06529
[dim=31] time: 1.10454
[dim=30] time: 1.14239
[dim=29] time: 1.18333
[dim=28] time: 1.22036
[dim=27] Time of backward = 1.25486sec.
AIC: 803.751
k: 28
