SCIP version 5.0.0 [precision: 8 byte] [memory: block] [mode: optimized] [LP solver: NONE] [GitHash: 3bbd232]
Copyright (C) 2002-2017 Konrad-Zuse-Zentrum fuer Informationstechnik Berlin (ZIB)

External codes: 
  Readline EditLine w  GNU library for command line editing (gnu.org/s/readline)
  CppAD 20160000.1     Algorithmic Differentiation of C++ algorithms developed by B. Bell (www.coin-or.org/CppAD)
  ZLIB 1.2.5           General purpose compression library by J. Gailly and M. Adler (zlib.net)
  GMP 6.1.2            GNU Multiple Precision Arithmetic Library developed by T. Granlund (gmplib.org)

user parameter file <scip.set> not found - using default parameters

read problem <../../Split_data/output/statG/6/2_sample_statG.logreg>
============

File name	:	../../Split_data/output/statG/6/2_sample_statG.logreg
Problem name 	:	2_sample_statG
Number of data	:	800
Number of var	:	61
The given data has linear dependence
13 sets of column vector are linearly dependent:

[dim=1] time: 0.035038
[dim=2] time: 0.084738
[dim=3] time: 0.126738
[dim=4] time: 0.169352
[dim=5] time: 0.209029
[dim=6] time: 0.251821
[dim=7] time: 0.294735
[dim=8] time: 0.340584
[dim=9] time: 0.396634
[dim=10] time: 0.441529
[dim=11] time: 0.484873
[dim=12] time: 0.527422
[dim=13] time: 0.581817
[dim=14] time: 0.623474
[dim=15] time: 0.679786
[dim=16] time: 0.738017
[dim=17] time: 0.778097
[dim=18] time: 0.818255
[dim=19] time: 0.855271
[dim=20] time: 0.891436
[dim=21] time: 0.926803
[dim=22] time: 0.961132
[dim=23] time: 0.995963
[dim=24] time: 1.02742
[dim=25] Time of forward = 1.06007sec.
AIC: 760.983
k: 24

[dim=48] time: 0.107367
[dim=47] time: 0.188961
[dim=46] time: 0.260208
[dim=45] time: 0.323238
[dim=44] time: 0.391241
[dim=43] time: 0.451507
[dim=42] time: 0.518028
[dim=41] time: 0.590427
[dim=40] time: 0.634619
[dim=39] time: 0.684542
[dim=38] time: 0.72962
[dim=37] time: 0.790546
[dim=36] time: 0.834605
[dim=35] time: 0.886925
[dim=34] time: 0.937367
[dim=33] time: 0.981706
[dim=32] time: 1.02572
[dim=31] time: 1.06729
[dim=30] time: 1.10386
[dim=29] time: 1.14973
[dim=28] time: 1.17999
[dim=27] time: 1.20786
[dim=26] time: 1.24701
[dim=25] time: 1.27821
[dim=24] Time of backward = 1.30584sec.
AIC: 765.608
k: 25
