SCIP version 5.0.0 [precision: 8 byte] [memory: block] [mode: optimized] [LP solver: NONE] [GitHash: 3bbd232]
Copyright (C) 2002-2017 Konrad-Zuse-Zentrum fuer Informationstechnik Berlin (ZIB)

External codes: 
  Readline EditLine w  GNU library for command line editing (gnu.org/s/readline)
  CppAD 20160000.1     Algorithmic Differentiation of C++ algorithms developed by B. Bell (www.coin-or.org/CppAD)
  ZLIB 1.2.5           General purpose compression library by J. Gailly and M. Adler (zlib.net)
  GMP 6.1.2            GNU Multiple Precision Arithmetic Library developed by T. Granlund (gmplib.org)

user parameter file <scip.set> not found - using default parameters

read problem <../../Split_data/output/statG/6/4_sample_statG.logreg>
============

File name	:	../../Split_data/output/statG/6/4_sample_statG.logreg
Problem name 	:	4_sample_statG
Number of data	:	800
Number of var	:	61
The given data has linear dependence
13 sets of column vector are linearly dependent:

[dim=1] time: 0.040759
[dim=2] time: 0.07927
[dim=3] time: 0.118241
[dim=4] time: 0.157548
[dim=5] time: 0.196906
[dim=6] time: 0.237031
[dim=7] time: 0.279388
[dim=8] time: 0.322122
[dim=9] time: 0.364934
[dim=10] time: 0.407969
[dim=11] time: 0.450186
[dim=12] time: 0.491375
[dim=13] time: 0.531505
[dim=14] time: 0.572559
[dim=15] time: 0.61326
[dim=16] time: 0.653551
[dim=17] time: 0.694157
[dim=18] time: 0.732614
[dim=19] time: 0.778004
[dim=20] time: 0.818457
[dim=21] time: 0.855254
[dim=22] time: 0.891017
[dim=23] Time of forward = 0.925308sec.
AIC: 773.171
k: 22

[dim=48] time: 0.115437
[dim=47] time: 0.190763
[dim=46] time: 0.274779
[dim=45] time: 0.341475
[dim=44] time: 0.411119
[dim=43] time: 0.466408
[dim=42] time: 0.526044
[dim=41] time: 0.581937
[dim=40] time: 0.645104
[dim=39] time: 0.700677
[dim=38] time: 0.745961
[dim=37] time: 0.789907
[dim=36] time: 0.839327
[dim=35] time: 0.885616
[dim=34] time: 0.934611
[dim=33] time: 0.981286
[dim=32] time: 1.02161
[dim=31] time: 1.06482
[dim=30] time: 1.09799
[dim=29] time: 1.13504
[dim=28] time: 1.1699
[dim=27] time: 1.19751
[dim=26] time: 1.23236
[dim=25] time: 1.26455
[dim=24] Time of backward = 1.29371sec.
AIC: 772.573
k: 25
