SCIP version 5.0.0 [precision: 8 byte] [memory: block] [mode: optimized] [LP solver: NONE] [GitHash: 3bbd232]
Copyright (C) 2002-2017 Konrad-Zuse-Zentrum fuer Informationstechnik Berlin (ZIB)

External codes: 
  Readline EditLine w  GNU library for command line editing (gnu.org/s/readline)
  CppAD 20160000.1     Algorithmic Differentiation of C++ algorithms developed by B. Bell (www.coin-or.org/CppAD)
  ZLIB 1.2.5           General purpose compression library by J. Gailly and M. Adler (zlib.net)
  GMP 6.1.2            GNU Multiple Precision Arithmetic Library developed by T. Granlund (gmplib.org)

user parameter file <scip.set> not found - using default parameters

read problem <../../Split_data/output/spectf/6/2_sample_spectf.logreg>
============

File name	:	../../Split_data/output/spectf/6/2_sample_spectf.logreg
Problem name 	:	2_sample_spectf
Number of data	:	214
Number of var	:	44
The given data has linear independence

[dim=1] time: 0.008081
[dim=2] time: 0.016405
[dim=3] time: 0.024188
[dim=4] time: 0.03457
[dim=5] time: 0.044915
[dim=6] time: 0.051151
[dim=7] time: 0.057504
[dim=8] time: 0.063417
[dim=9] time: 0.069378
[dim=10] Time of forward = 0.07513sec.
AIC: 133.062
k: 9

[dim=44] time: 0.040941
[dim=43] time: 0.059155
[dim=42] time: 0.077916
[dim=41] time: 0.094703
[dim=40] time: 0.109554
[dim=39] time: 0.125324
[dim=38] time: 0.139366
[dim=37] time: 0.150482
[dim=36] time: 0.160849
[dim=35] time: 0.174503
[dim=34] time: 0.185611
[dim=33] time: 0.197245
[dim=32] time: 0.206775
[dim=31] time: 0.216573
[dim=30] time: 0.226057
[dim=29] time: 0.236082
[dim=28] time: 0.244511
[dim=27] time: 0.254391
[dim=26] time: 0.263377
[dim=25] time: 0.272528
[dim=24] time: 0.27961
[dim=23] time: 0.288359
[dim=22] time: 0.294768
[dim=21] time: 0.301766
[dim=20] time: 0.306733
[dim=19] time: 0.311243
[dim=18] time: 0.316866
[dim=17] time: 0.321675
[dim=16] time: 0.325747
[dim=15] time: 0.330339
[dim=14] Time of backward = 0.334679sec.
AIC: 131.795
k: 15
