SCIP version 5.0.0 [precision: 8 byte] [memory: block] [mode: optimized] [LP solver: NONE] [GitHash: 3bbd232]
Copyright (C) 2002-2017 Konrad-Zuse-Zentrum fuer Informationstechnik Berlin (ZIB)

External codes: 
  Readline EditLine w  GNU library for command line editing (gnu.org/s/readline)
  CppAD 20160000.1     Algorithmic Differentiation of C++ algorithms developed by B. Bell (www.coin-or.org/CppAD)
  ZLIB 1.2.5           General purpose compression library by J. Gailly and M. Adler (zlib.net)
  GMP 6.1.2            GNU Multiple Precision Arithmetic Library developed by T. Granlund (gmplib.org)

user parameter file <scip.set> not found - using default parameters

read problem <../../Split_data/output/biodeg/5/2_sample_biodeg.logreg>
============

File name	:	../../Split_data/output/biodeg/5/2_sample_biodeg.logreg
Problem name 	:	2_sample_biodeg
Number of data	:	844
Number of var	:	41
The given data has linear independence

[dim=1] time: 0.029745
[dim=2] time: 0.059298
[dim=3] time: 0.093715
[dim=4] time: 0.125362
[dim=5] time: 0.155755
[dim=6] time: 0.185012
[dim=7] time: 0.214694
[dim=8] time: 0.243402
[dim=9] time: 0.280886
[dim=10] time: 0.312345
[dim=11] time: 0.338493
[dim=12] time: 0.367016
[dim=13] time: 0.391901
[dim=14] time: 0.41758
[dim=15] time: 0.443057
[dim=16] time: 0.465778
[dim=17] time: 0.487359
[dim=18] time: 0.518388
[dim=19] time: 0.539943
[dim=20] time: 0.561653
[dim=21] time: 0.576425
[dim=22] Time of forward = 0.592467sec.
AIC: 541.315
k: 21

[dim=41] time: 0.147384
[dim=40] time: 0.197577
[dim=39] time: 0.2413
[dim=38] time: 0.294565
[dim=37] time: 0.346477
[dim=36] time: 0.393356
[dim=35] time: 0.440094
[dim=34] time: 0.486107
[dim=33] time: 0.532391
[dim=32] time: 0.575882
[dim=31] time: 0.613878
[dim=30] time: 0.65105
[dim=29] time: 0.688691
[dim=28] time: 0.724498
[dim=27] time: 0.757214
[dim=26] time: 0.789738
[dim=25] time: 0.81653
[dim=24] time: 0.845167
[dim=23] time: 0.872826
[dim=22] Time of backward = 0.898027sec.
AIC: 540.779
k: 23
