SCIP version 5.0.0 [precision: 8 byte] [memory: block] [mode: optimized] [LP solver: NONE] [GitHash: 3bbd232]
Copyright (C) 2002-2017 Konrad-Zuse-Zentrum fuer Informationstechnik Berlin (ZIB)

External codes: 
  Readline EditLine w  GNU library for command line editing (gnu.org/s/readline)
  CppAD 20160000.1     Algorithmic Differentiation of C++ algorithms developed by B. Bell (www.coin-or.org/CppAD)
  ZLIB 1.2.5           General purpose compression library by J. Gailly and M. Adler (zlib.net)
  GMP 6.1.2            GNU Multiple Precision Arithmetic Library developed by T. Granlund (gmplib.org)

user parameter file <scip.set> not found - using default parameters

read problem <../../Split_data/output/biodeg/5/4_sample_biodeg.logreg>
============

File name	:	../../Split_data/output/biodeg/5/4_sample_biodeg.logreg
Problem name 	:	4_sample_biodeg
Number of data	:	844
Number of var	:	41
The given data has linear dependence
1 sets of column vector are linearly dependent:
{ 19}, 

[dim=1] time: 0.028015
[dim=2] time: 0.05693
[dim=3] time: 0.089432
[dim=4] time: 0.12468
[dim=5] time: 0.15532
[dim=6] time: 0.183215
[dim=7] time: 0.213474
[dim=8] time: 0.241577
[dim=9] time: 0.268558
[dim=10] time: 0.296041
[dim=11] time: 0.322413
[dim=12] time: 0.348783
[dim=13] time: 0.376634
[dim=14] time: 0.394869
[dim=15] time: 0.413536
[dim=16] time: 0.434244
[dim=17] time: 0.452767
[dim=18] time: 0.471626
[dim=19] time: 0.503655
[dim=20] time: 0.520297
[dim=21] time: 0.537876
[dim=22] time: 0.553958
[dim=23] time: 0.570301
[dim=24] time: 0.586906
[dim=25] time: 0.600426
[dim=26] time: 0.616537
[dim=27] Time of forward = 0.629342sec.
AIC: 523.838
k: 26

[dim=40] time: 0.189983
[dim=39] time: 0.246351
[dim=38] time: 0.28693
[dim=37] time: 0.327176
[dim=36] time: 0.36552
[dim=35] time: 0.413982
[dim=34] time: 0.455266
[dim=33] time: 0.493516
[dim=32] time: 0.53149
[dim=31] time: 0.564782
[dim=30] time: 0.611976
[dim=29] time: 0.676903
[dim=28] time: 0.708716
[dim=27] time: 0.738946
[dim=26] time: 0.771672
[dim=25] time: 0.807379
[dim=24] Time of backward = 0.853745sec.
AIC: 517.177
k: 25
