SCIP version 5.0.0 [precision: 8 byte] [memory: block] [mode: optimized] [LP solver: NONE] [GitHash: 3bbd232]
Copyright (C) 2002-2017 Konrad-Zuse-Zentrum fuer Informationstechnik Berlin (ZIB)

External codes: 
  Readline EditLine w  GNU library for command line editing (gnu.org/s/readline)
  CppAD 20160000.1     Algorithmic Differentiation of C++ algorithms developed by B. Bell (www.coin-or.org/CppAD)
  ZLIB 1.2.5           General purpose compression library by J. Gailly and M. Adler (zlib.net)
  GMP 6.1.2            GNU Multiple Precision Arithmetic Library developed by T. Granlund (gmplib.org)

user parameter file <scip.set> not found - using default parameters

read problem <../../Split_data/output/parkin/6/2_sample_parkin.logreg>
============

File name	:	../../Split_data/output/parkin/6/2_sample_parkin.logreg
Problem name 	:	2_sample_parkin
Number of data	:	156
Number of var	:	22
The given data has linear independence

[dim=1] time: 0.00308
[dim=2] time: 0.00652
[dim=3] time: 0.009201
[dim=4] time: 0.011048
[dim=5] time: 0.012967
[dim=6] time: 0.014797
[dim=7] time: 0.016695
[dim=8] time: 0.018284
[dim=9] time: 0.01969
[dim=10] time: 0.026844
[dim=11] time: 0.037215
[dim=12] Time of forward = 0.039516sec.
AIC: 73.1244
k: 11

[dim=22] time: 0.141412
[dim=21] time: 0.19347
[dim=20] time: 0.268113
[dim=19] time: 0.347332
[dim=18] time: 0.422329
[dim=17] time: 0.488219
[dim=16] time: 0.534206
[dim=15] time: 0.575048
[dim=14] time: 0.590533
[dim=13] time: 0.607839
[dim=12] time: 0.678328
[dim=11] time: 0.684856
[dim=10] time: 0.714928
[dim=9] Time of backward = 0.716743sec.
AIC: 71.5544
k: 10
