SCIP version 5.0.0 [precision: 8 byte] [memory: block] [mode: optimized] [LP solver: NONE] [GitHash: 3bbd232]
Copyright (C) 2002-2017 Konrad-Zuse-Zentrum fuer Informationstechnik Berlin (ZIB)

External codes: 
  Readline EditLine w  GNU library for command line editing (gnu.org/s/readline)
  CppAD 20160000.1     Algorithmic Differentiation of C++ algorithms developed by B. Bell (www.coin-or.org/CppAD)
  ZLIB 1.2.5           General purpose compression library by J. Gailly and M. Adler (zlib.net)
  GMP 6.1.2            GNU Multiple Precision Arithmetic Library developed by T. Granlund (gmplib.org)

user parameter file <scip.set> not found - using default parameters

read problem <../../Split_data/output/spectf/3/2_sample_spectf.logreg>
============

File name	:	../../Split_data/output/spectf/3/2_sample_spectf.logreg
Problem name 	:	2_sample_spectf
Number of data	:	213
Number of var	:	44
The given data has linear independence

[dim=1] time: 0.0094
[dim=2] time: 0.01735
[dim=3] time: 0.024921
[dim=4] time: 0.031376
[dim=5] time: 0.038182
[dim=6] time: 0.04482
[dim=7] time: 0.051495
[dim=8] time: 0.060406
[dim=9] time: 0.071971
[dim=10] time: 0.078292
[dim=11] time: 0.084594
[dim=12] time: 0.090373
[dim=13] time: 0.096311
[dim=14] time: 0.102094
[dim=15] time: 0.107741
[dim=16] time: 0.11328
[dim=17] Time of forward = 0.118998sec.
AIC: 146.369
k: 16

[dim=44] time: 0.030026
[dim=43] time: 0.046095
[dim=42] time: 0.066831
[dim=41] time: 0.085282
[dim=40] time: 0.098625
[dim=39] time: 0.111164
[dim=38] time: 0.128075
[dim=37] time: 0.142364
[dim=36] time: 0.158322
[dim=35] time: 0.184466
[dim=34] time: 0.197597
[dim=33] time: 0.212631
[dim=32] time: 0.222496
[dim=31] time: 0.232571
[dim=30] time: 0.243271
[dim=29] time: 0.252955
[dim=28] time: 0.264129
[dim=27] time: 0.277241
[dim=26] time: 0.286257
[dim=25] time: 0.293521
[dim=24] Time of backward = 0.302091sec.
AIC: 145.147
k: 25
