SCIP version 5.0.0 [precision: 8 byte] [memory: block] [mode: optimized] [LP solver: NONE] [GitHash: 3bbd232]
Copyright (C) 2002-2017 Konrad-Zuse-Zentrum fuer Informationstechnik Berlin (ZIB)

External codes: 
  Readline EditLine w  GNU library for command line editing (gnu.org/s/readline)
  CppAD 20160000.1     Algorithmic Differentiation of C++ algorithms developed by B. Bell (www.coin-or.org/CppAD)
  ZLIB 1.2.5           General purpose compression library by J. Gailly and M. Adler (zlib.net)
  GMP 6.1.2            GNU Multiple Precision Arithmetic Library developed by T. Granlund (gmplib.org)

user parameter file <scip.set> not found - using default parameters

read problem <../../Split_data/output/breast/3/2_sample_breast.logreg>
============

File name	:	../../Split_data/output/breast/3/2_sample_breast.logreg
Problem name 	:	2_sample_breast
Number of data	:	155
Number of var	:	33
The given data has linear dependence
16 sets of column vector are linearly dependent:
elements are all 0
elements are all 0
elements are all 0
elements are all 0
elements are all 0
elements are all 0

[dim=1] time: 0.003807
[dim=2] time: 0.008742
[dim=3] time: 0.011955
[dim=4] time: 0.014607
[dim=5] Time of forward = 0.016888sec.
AIC: 143.6
k: 4

[dim=17] time: 0.005437
[dim=16] time: 0.008046
[dim=15] time: 0.012465
[dim=14] time: 0.01504
[dim=13] time: 0.018188
[dim=12] time: 0.021205
[dim=11] time: 0.023371
[dim=10] time: 0.025004
[dim=9] time: 0.026748
[dim=8] time: 0.028233
[dim=7] Time of backward = 0.029536sec.
AIC: 138.27
k: 8
