SCIP version 5.0.0 [precision: 8 byte] [memory: block] [mode: optimized] [LP solver: NONE] [GitHash: 3bbd232]
Copyright (C) 2002-2017 Konrad-Zuse-Zentrum fuer Informationstechnik Berlin (ZIB)

External codes: 
  Readline EditLine w  GNU library for command line editing (gnu.org/s/readline)
  CppAD 20160000.1     Algorithmic Differentiation of C++ algorithms developed by B. Bell (www.coin-or.org/CppAD)
  ZLIB 1.2.5           General purpose compression library by J. Gailly and M. Adler (zlib.net)
  GMP 6.1.2            GNU Multiple Precision Arithmetic Library developed by T. Granlund (gmplib.org)

user parameter file <scip.set> not found - using default parameters

read problem <../../Split_data/output/biodeg/9/4_sample_biodeg.logreg>
============

File name	:	../../Split_data/output/biodeg/9/4_sample_biodeg.logreg
Problem name 	:	4_sample_biodeg
Number of data	:	844
Number of var	:	41
The given data has linear dependence
1 sets of column vector are linearly dependent:
{ 19}, 

[dim=1] time: 0.030472
[dim=2] time: 0.060904
[dim=3] time: 0.093695
[dim=4] time: 0.130571
[dim=5] time: 0.160682
[dim=6] time: 0.188249
[dim=7] time: 0.216341
[dim=8] time: 0.242899
[dim=9] time: 0.269783
[dim=10] time: 0.304169
[dim=11] time: 0.330515
[dim=12] time: 0.355561
[dim=13] time: 0.373661
[dim=14] time: 0.392451
[dim=15] time: 0.413626
[dim=16] time: 0.431639
[dim=17] time: 0.448582
[dim=18] time: 0.466275
[dim=19] time: 0.49886
[dim=20] time: 0.515232
[dim=21] time: 0.530457
[dim=22] time: 0.545674
[dim=23] time: 0.560091
[dim=24] time: 0.57369
[dim=25] Time of forward = 0.588972sec.
AIC: 541.443
k: 24

[dim=40] time: 0.134968
[dim=39] time: 0.184546
[dim=38] time: 0.232133
[dim=37] time: 0.275002
[dim=36] time: 0.316594
[dim=35] time: 0.366149
[dim=34] time: 0.412097
[dim=33] time: 0.464172
[dim=32] time: 0.535219
[dim=31] time: 0.578447
[dim=30] time: 0.61925
[dim=29] time: 0.650775
[dim=28] time: 0.677744
[dim=27] time: 0.708845
[dim=26] time: 0.741104
[dim=25] time: 0.777884
[dim=24] time: 0.836779
[dim=23] Time of backward = 0.864531sec.
AIC: 540.169
k: 24
