SCIP version 5.0.0 [precision: 8 byte] [memory: block] [mode: optimized] [LP solver: NONE] [GitHash: 3bbd232]
Copyright (C) 2002-2017 Konrad-Zuse-Zentrum fuer Informationstechnik Berlin (ZIB)

External codes: 
  Readline EditLine w  GNU library for command line editing (gnu.org/s/readline)
  CppAD 20160000.1     Algorithmic Differentiation of C++ algorithms developed by B. Bell (www.coin-or.org/CppAD)
  ZLIB 1.2.5           General purpose compression library by J. Gailly and M. Adler (zlib.net)
  GMP 6.1.2            GNU Multiple Precision Arithmetic Library developed by T. Granlund (gmplib.org)

user parameter file <scip.set> not found - using default parameters

read problem <../../Split_data/output/statG/5/2_sample_statG.logreg>
============

File name	:	../../Split_data/output/statG/5/2_sample_statG.logreg
Problem name 	:	2_sample_statG
Number of data	:	800
Number of var	:	61
The given data has linear dependence
13 sets of column vector are linearly dependent:

[dim=1] time: 0.037635
[dim=2] time: 0.077866
[dim=3] time: 0.119141
[dim=4] time: 0.165752
[dim=5] time: 0.208126
[dim=6] time: 0.250147
[dim=7] time: 0.299093
[dim=8] time: 0.339444
[dim=9] time: 0.388263
[dim=10] time: 0.43074
[dim=11] time: 0.472147
[dim=12] time: 0.512745
[dim=13] time: 0.562153
[dim=14] time: 0.60297
[dim=15] time: 0.642407
[dim=16] time: 0.680447
[dim=17] time: 0.71792
[dim=18] time: 0.755034
[dim=19] time: 0.793736
[dim=20] time: 0.831603
[dim=21] time: 0.869854
[dim=22] time: 0.907045
[dim=23] time: 0.94646
[dim=24] time: 0.983407
[dim=25] time: 1.01831
[dim=26] Time of forward = 1.05079sec.
AIC: 761.594
k: 25

[dim=48] time: 0.118411
[dim=47] time: 0.176754
[dim=46] time: 0.245907
[dim=45] time: 0.316513
[dim=44] time: 0.399057
[dim=43] time: 0.465345
[dim=42] time: 0.523058
[dim=41] time: 0.587808
[dim=40] time: 0.646177
[dim=39] time: 0.697617
[dim=38] time: 0.745411
[dim=37] time: 0.791304
[dim=36] time: 0.840552
[dim=35] time: 0.891464
[dim=34] time: 0.933898
[dim=33] time: 0.976141
[dim=32] time: 1.01263
[dim=31] time: 1.04083
[dim=30] time: 1.07336
[dim=29] Time of backward = 1.10513sec.
AIC: 770.297
k: 30
