SCIP version 5.0.0 [precision: 8 byte] [memory: block] [mode: optimized] [LP solver: NONE] [GitHash: 3bbd232]
Copyright (C) 2002-2017 Konrad-Zuse-Zentrum fuer Informationstechnik Berlin (ZIB)

External codes: 
  Readline EditLine w  GNU library for command line editing (gnu.org/s/readline)
  CppAD 20160000.1     Algorithmic Differentiation of C++ algorithms developed by B. Bell (www.coin-or.org/CppAD)
  ZLIB 1.2.5           General purpose compression library by J. Gailly and M. Adler (zlib.net)
  GMP 6.1.2            GNU Multiple Precision Arithmetic Library developed by T. Granlund (gmplib.org)

user parameter file <scip.set> not found - using default parameters

read problem <../../Split_data/output/parkin/8/2_sample_parkin.logreg>
============

File name	:	../../Split_data/output/parkin/8/2_sample_parkin.logreg
Problem name 	:	2_sample_parkin
Number of data	:	156
Number of var	:	22
The given data has linear independence

[dim=1] time: 0.003089
[dim=2] time: 0.0058
[dim=3] time: 0.008437
[dim=4] time: 0.010855
[dim=5] time: 0.01333
[dim=6] time: 0.015532
[dim=7] time: 0.017705
[dim=8] Time of forward = 0.019384sec.
AIC: 102.156
k: 7

[dim=22] time: 0.032711
[dim=21] time: 0.038004
[dim=20] time: 0.063117
[dim=19] time: 0.072717
[dim=18] time: 0.075532
[dim=17] time: 0.081464
[dim=16] time: 0.08738
[dim=15] time: 0.091044
[dim=14] time: 0.092779
[dim=13] time: 0.095102
[dim=12] time: 0.096462
[dim=11] time: 0.099222
[dim=10] time: 0.103331
[dim=9] time: 0.105985
[dim=8] time: 0.107701
[dim=7] Time of backward = 0.109048sec.
AIC: 98.3161
k: 8
