SCIP version 5.0.0 [precision: 8 byte] [memory: block] [mode: optimized] [LP solver: NONE] [GitHash: 3bbd232]
Copyright (C) 2002-2017 Konrad-Zuse-Zentrum fuer Informationstechnik Berlin (ZIB)

External codes: 
  Readline EditLine w  GNU library for command line editing (gnu.org/s/readline)
  CppAD 20160000.1     Algorithmic Differentiation of C++ algorithms developed by B. Bell (www.coin-or.org/CppAD)
  ZLIB 1.2.5           General purpose compression library by J. Gailly and M. Adler (zlib.net)
  GMP 6.1.2            GNU Multiple Precision Arithmetic Library developed by T. Granlund (gmplib.org)

user parameter file <scip.set> not found - using default parameters

read problem <../../Split_data/output/statH/9/2_sample_statH.logreg>
============

File name	:	../../Split_data/output/statH/9/2_sample_statH.logreg
Problem name 	:	2_sample_statH
Number of data	:	216
Number of var	:	25
The given data has linear dependence
8 sets of column vector are linearly dependent:
{ 3 4}, { 5 6 7 8}, { 11 12}, { 14}, { 13 15}, { 17 18}, { 20 21 22}, { 24 25 26}, 

[dim=1] time: 0.006257
[dim=2] time: 0.013133
[dim=3] time: 0.018647
[dim=4] time: 0.022644
[dim=5] time: 0.02655
[dim=6] time: 0.030511
[dim=7] time: 0.034228
[dim=8] time: 0.037446
[dim=9] time: 0.04093
[dim=10] Time of forward = 0.043772sec.
AIC: 130.582
k: 9

[dim=17] time: 0.007342
[dim=16] time: 0.010435
[dim=15] time: 0.014016
[dim=14] time: 0.016989
[dim=13] time: 0.019541
[dim=12] time: 0.022119
[dim=11] Time of backward = 0.02466sec.
AIC: 131.201
k: 12
