SCIP version 5.0.0 [precision: 8 byte] [memory: block] [mode: optimized] [LP solver: NONE] [GitHash: 3bbd232]
Copyright (C) 2002-2017 Konrad-Zuse-Zentrum fuer Informationstechnik Berlin (ZIB)

External codes: 
  Readline EditLine w  GNU library for command line editing (gnu.org/s/readline)
  CppAD 20160000.1     Algorithmic Differentiation of C++ algorithms developed by B. Bell (www.coin-or.org/CppAD)
  ZLIB 1.2.5           General purpose compression library by J. Gailly and M. Adler (zlib.net)
  GMP 6.1.2            GNU Multiple Precision Arithmetic Library developed by T. Granlund (gmplib.org)

user parameter file <scip.set> not found - using default parameters

read problem <../../Split_data/output/biodeg/1/2_sample_biodeg.logreg>
============

File name	:	../../Split_data/output/biodeg/1/2_sample_biodeg.logreg
Problem name 	:	2_sample_biodeg
Number of data	:	844
Number of var	:	41
The given data has linear independence

[dim=1] time: 0.029512
[dim=2] time: 0.058847
[dim=3] time: 0.092991
[dim=4] time: 0.124024
[dim=5] time: 0.154713
[dim=6] time: 0.187039
[dim=7] time: 0.21711
[dim=8] time: 0.235419
[dim=9] time: 0.254572
[dim=10] time: 0.27406
[dim=11] time: 0.292924
[dim=12] time: 0.312985
[dim=13] time: 0.340575
[dim=14] time: 0.39668
[dim=15] time: 0.420072
[dim=16] time: 0.435981
[dim=17] time: 0.452082
[dim=18] time: 0.467347
[dim=19] time: 0.489896
[dim=20] time: 0.505928
[dim=21] time: 0.520765
[dim=22] time: 0.543358
[dim=23] time: 0.567458
[dim=24] time: 0.589375
[dim=25] Time of forward = 0.601839sec.
AIC: 530.556
k: 24

[dim=41] time: 0.153178
[dim=40] time: 0.204274
[dim=39] time: 0.261136
[dim=38] time: 0.311153
[dim=37] time: 0.373165
[dim=36] time: 0.419408
[dim=35] time: 0.479589
[dim=34] time: 0.542521
[dim=33] time: 0.644481
[dim=32] time: 0.69735
[dim=31] time: 0.731421
[dim=30] time: 0.762886
[dim=29] time: 0.796309
[dim=28] time: 0.826054
[dim=27] time: 0.853816
[dim=26] time: 0.8831
[dim=25] time: 0.913411
[dim=24] time: 0.96238
[dim=23] Time of backward = 1.00338sec.
AIC: 528.41
k: 24
