SCIP version 5.0.0 [precision: 8 byte] [memory: block] [mode: optimized] [LP solver: NONE] [GitHash: 3bbd232]
Copyright (C) 2002-2017 Konrad-Zuse-Zentrum fuer Informationstechnik Berlin (ZIB)

External codes: 
  Readline EditLine w  GNU library for command line editing (gnu.org/s/readline)
  CppAD 20160000.1     Algorithmic Differentiation of C++ algorithms developed by B. Bell (www.coin-or.org/CppAD)
  ZLIB 1.2.5           General purpose compression library by J. Gailly and M. Adler (zlib.net)
  GMP 6.1.2            GNU Multiple Precision Arithmetic Library developed by T. Granlund (gmplib.org)

user parameter file <scip.set> not found - using default parameters

read problem <../../Split_data/output/seismic-bumps/2/2_sample_seismic-bumps.logreg>
============

File name	:	../../Split_data/output/seismic-bumps/2/2_sample_seismic-bumps.logreg
Problem name 	:	2_sample_seismic-bumps
Number of data	:	2068
Number of var	:	21
The given data has linear dependence
4 sets of column vector are linearly dependent:
{ 2 3}, { 4 5 6}, { 7 8}, { 13 14 15}, 

[dim=1] time: 0.048262
[dim=2] time: 0.091674
[dim=3] time: 0.127022
[dim=4] time: 0.164161
[dim=5] time: 0.194229
[dim=6] time: 0.236168
[dim=7] time: 0.261741
[dim=8] time: 0.288763
[dim=9] Time of forward = 0.304452sec.
AIC: 888.448
k: 8

[dim=17] time: 0.068278
[dim=16] time: 0.095837
[dim=15] time: 0.132829
[dim=14] time: 0.158532
[dim=13] time: 0.181493
[dim=12] time: 0.200976
[dim=11] time: 0.215691
[dim=10] time: 0.234134
[dim=9] time: 0.25232
[dim=8] Time of backward = 0.262407sec.
AIC: 889.963
k: 9
