SCIP version 5.0.0 [precision: 8 byte] [memory: block] [mode: optimized] [LP solver: NONE] [GitHash: 3bbd232]
Copyright (C) 2002-2017 Konrad-Zuse-Zentrum fuer Informationstechnik Berlin (ZIB)

External codes: 
  Readline 6.3         GNU library for command line editing (gnu.org/s/readline)
  CppAD 20160000.1     Algorithmic Differentiation of C++ algorithms developed by B. Bell (www.coin-or.org/CppAD)
  ZLIB 1.2.8           General purpose compression library by J. Gailly and M. Adler (zlib.net)
  GMP 6.1.0            GNU Multiple Precision Arithmetic Library developed by T. Granlund (gmplib.org)

user parameter file <scip.set> not found - using default parameters

read problem <../../data/biodeg.logreg>
============

File name	:	../../data/biodeg.logreg
Problem name 	:	biodeg
Number of data	:	1055
Number of var	:	41
The given data has linear independence

[dim=1] time: 0.156491
[dim=2] time: 0.272025
[dim=3] time: 0.404148
[dim=4] time: 0.5225
[dim=5] time: 0.637613
[dim=6] time: 0.737588
[dim=7] time: 0.820399
[dim=8] time: 0.902665
[dim=9] time: 0.979307
[dim=10] time: 1.05463
[dim=11] time: 1.13613
[dim=12] time: 1.21068
[dim=13] time: 1.28534
[dim=14] time: 1.35685
[dim=15] time: 1.40771
[dim=16] time: 1.45723
[dim=17] time: 1.5044
[dim=18] time: 1.55234
[dim=19] time: 1.60054
[dim=20] time: 1.64377
[dim=21] time: 1.68848
[dim=22] time: 1.77372
[dim=23] time: 1.89745
[dim=24] time: 1.93528
[dim=25] time: 1.97283
[dim=26] Time of forward = 2.00687sec.
AIC: 654.788
k: 25

[dim=41] time: 0.310484
[dim=40] time: 0.420549
[dim=39] time: 0.529607
[dim=38] time: 0.651886
[dim=37] time: 0.752668
[dim=36] time: 0.859535
[dim=35] time: 0.967628
[dim=34] time: 1.1202
[dim=33] time: 1.22834
[dim=32] time: 1.31673
[dim=31] time: 1.41367
[dim=30] time: 1.49666
[dim=29] time: 1.58329
[dim=28] time: 1.66428
[dim=27] time: 1.79696
[dim=26] time: 1.959
[dim=25] time: 2.03737
[dim=24] time: 2.11159
[dim=23] time: 2.18844
[dim=22] Time of backward = 2.25134sec.
AIC: 653.287
k: 23
