SCIP version 5.0.0 [precision: 8 byte] [memory: block] [mode: optimized] [LP solver: NONE] [GitHash: 3bbd232]
Copyright (C) 2002-2017 Konrad-Zuse-Zentrum fuer Informationstechnik Berlin (ZIB)

External codes: 
  Readline EditLine w  GNU library for command line editing (gnu.org/s/readline)
  CppAD 20160000.1     Algorithmic Differentiation of C++ algorithms developed by B. Bell (www.coin-or.org/CppAD)
  ZLIB 1.2.5           General purpose compression library by J. Gailly and M. Adler (zlib.net)
  GMP 6.1.2            GNU Multiple Precision Arithmetic Library developed by T. Granlund (gmplib.org)

user parameter file <scip.set> not found - using default parameters

read problem <../../Split_data/output/statG/8/2_sample_statG.logreg>
============

File name	:	../../Split_data/output/statG/8/2_sample_statG.logreg
Problem name 	:	2_sample_statG
Number of data	:	800
Number of var	:	61
The given data has linear dependence
13 sets of column vector are linearly dependent:

[dim=1] time: 0.036283
[dim=2] time: 0.082009
[dim=3] time: 0.120763
[dim=4] time: 0.161033
[dim=5] time: 0.199665
[dim=6] time: 0.239971
[dim=7] time: 0.291155
[dim=8] time: 0.332643
[dim=9] time: 0.373756
[dim=10] time: 0.415627
[dim=11] time: 0.456648
[dim=12] time: 0.496654
[dim=13] time: 0.535342
[dim=14] time: 0.57522
[dim=15] time: 0.61311
[dim=16] time: 0.649733
[dim=17] time: 0.687488
[dim=18] time: 0.726181
[dim=19] time: 0.769659
[dim=20] time: 0.811234
[dim=21] time: 0.846078
[dim=22] time: 0.878857
[dim=23] time: 0.913145
[dim=24] Time of forward = 0.943631sec.
AIC: 726.816
k: 23

[dim=48] time: 0.110995
[dim=47] time: 0.172901
[dim=46] time: 0.239989
[dim=45] time: 0.311021
[dim=44] time: 0.381789
[dim=43] time: 0.443546
[dim=42] time: 0.500792
[dim=41] time: 0.56115
[dim=40] time: 0.609276
[dim=39] time: 0.664944
[dim=38] time: 0.710419
[dim=37] time: 0.762646
[dim=36] time: 0.809725
[dim=35] time: 0.8575
[dim=34] time: 0.907707
[dim=33] time: 0.952916
[dim=32] time: 0.99447
[dim=31] time: 1.03705
[dim=30] time: 1.07483
[dim=29] time: 1.11383
[dim=28] time: 1.14816
[dim=27] Time of backward = 1.18722sec.
AIC: 732.685
k: 28
