SCIP version 5.0.0 [precision: 8 byte] [memory: block] [mode: optimized] [LP solver: NONE] [GitHash: 3bbd232]
Copyright (C) 2002-2017 Konrad-Zuse-Zentrum fuer Informationstechnik Berlin (ZIB)

External codes: 
  Readline EditLine w  GNU library for command line editing (gnu.org/s/readline)
  CppAD 20160000.1     Algorithmic Differentiation of C++ algorithms developed by B. Bell (www.coin-or.org/CppAD)
  ZLIB 1.2.5           General purpose compression library by J. Gailly and M. Adler (zlib.net)
  GMP 6.1.2            GNU Multiple Precision Arithmetic Library developed by T. Granlund (gmplib.org)

user parameter file <scip.set> not found - using default parameters

read problem <../../Split_data/output/parkin/7/2_sample_parkin.logreg>
============

File name	:	../../Split_data/output/parkin/7/2_sample_parkin.logreg
Problem name 	:	2_sample_parkin
Number of data	:	156
Number of var	:	22
The given data has linear independence

[dim=1] time: 0.003037
[dim=2] time: 0.00798
[dim=3] time: 0.010874
[dim=4] time: 0.013055
[dim=5] time: 0.015087
[dim=6] time: 0.017293
[dim=7] Time of forward = 0.019522sec.
AIC: 93.6266
k: 6

[dim=22] time: 0.055309
[dim=21] time: 0.214859
[dim=20] time: 0.240847
[dim=19] time: 0.245197
[dim=18] time: 0.265951
[dim=17] time: 0.272198
[dim=16] time: 0.278039
[dim=15] time: 0.281662
[dim=14] time: 0.28408
[dim=13] time: 0.286308
[dim=12] time: 0.288495
[dim=11] time: 0.290445
[dim=10] time: 0.29242
[dim=9] time: 0.294046
[dim=8] Time of backward = 0.295521sec.
AIC: 86.3161
k: 9
