SCIP version 5.0.0 [precision: 8 byte] [memory: block] [mode: optimized] [LP solver: NONE] [GitHash: 3bbd232]
Copyright (C) 2002-2017 Konrad-Zuse-Zentrum fuer Informationstechnik Berlin (ZIB)

External codes: 
  Readline EditLine w  GNU library for command line editing (gnu.org/s/readline)
  CppAD 20160000.1     Algorithmic Differentiation of C++ algorithms developed by B. Bell (www.coin-or.org/CppAD)
  ZLIB 1.2.5           General purpose compression library by J. Gailly and M. Adler (zlib.net)
  GMP 6.1.2            GNU Multiple Precision Arithmetic Library developed by T. Granlund (gmplib.org)

user parameter file <scip.set> not found - using default parameters

read problem <../../Split_data/output/parkin/7/4_sample_parkin.logreg>
============

File name	:	../../Split_data/output/parkin/7/4_sample_parkin.logreg
Problem name 	:	4_sample_parkin
Number of data	:	156
Number of var	:	22
The given data has linear independence

[dim=1] time: 0.003302
[dim=2] time: 0.006518
[dim=3] time: 0.009087
[dim=4] time: 0.011205
[dim=5] Time of forward = 0.013099sec.
AIC: 78.6158
k: 4

[dim=22] time: 4.87227
[dim=21] time: 6.38805
[dim=20] time: 7.36618
[dim=19] time: 8.38595
[dim=18] time: 8.64991
[dim=17] Time of backward = 8.74605sec.
AIC: 36.5299
k: 18
