SCIP version 5.0.0 [precision: 8 byte] [memory: block] [mode: optimized] [LP solver: NONE] [GitHash: 3bbd232]
Copyright (C) 2002-2017 Konrad-Zuse-Zentrum fuer Informationstechnik Berlin (ZIB)

External codes: 
  Readline EditLine w  GNU library for command line editing (gnu.org/s/readline)
  CppAD 20160000.1     Algorithmic Differentiation of C++ algorithms developed by B. Bell (www.coin-or.org/CppAD)
  ZLIB 1.2.5           General purpose compression library by J. Gailly and M. Adler (zlib.net)
  GMP 6.1.2            GNU Multiple Precision Arithmetic Library developed by T. Granlund (gmplib.org)

user parameter file <scip.set> not found - using default parameters

read problem <../../Split_data/output/seismic-bumps/4/2_sample_seismic-bumps.logreg>
============

File name	:	../../Split_data/output/seismic-bumps/4/2_sample_seismic-bumps.logreg
Problem name 	:	2_sample_seismic-bumps
Number of data	:	2067
Number of var	:	21
The given data has linear dependence
4 sets of column vector are linearly dependent:
{ 2 3}, { 4 5 6}, { 7 8}, { 13 14 15}, 

[dim=1] time: 0.034759
[dim=2] time: 0.071604
[dim=3] time: 0.107582
[dim=4] time: 0.139399
[dim=5] time: 0.18153
[dim=6] time: 0.221525
[dim=7] time: 0.24571
[dim=8] Time of forward = 0.272761sec.
AIC: 887.505
k: 7

[dim=17] time: 0.098358
[dim=16] time: 0.134937
[dim=15] time: 0.168774
[dim=14] time: 0.192718
[dim=13] time: 0.215897
[dim=12] time: 0.235152
[dim=11] time: 0.265566
[dim=10] time: 0.285649
[dim=9] Time of backward = 0.307559sec.
AIC: 887.418
k: 10
