SCIP version 5.0.0 [precision: 8 byte] [memory: block] [mode: optimized] [LP solver: NONE] [GitHash: 3bbd232]
Copyright (C) 2002-2017 Konrad-Zuse-Zentrum fuer Informationstechnik Berlin (ZIB)

External codes: 
  Readline EditLine w  GNU library for command line editing (gnu.org/s/readline)
  CppAD 20160000.1     Algorithmic Differentiation of C++ algorithms developed by B. Bell (www.coin-or.org/CppAD)
  ZLIB 1.2.5           General purpose compression library by J. Gailly and M. Adler (zlib.net)
  GMP 6.1.2            GNU Multiple Precision Arithmetic Library developed by T. Granlund (gmplib.org)

user parameter file <scip.set> not found - using default parameters

read problem <../../Split_data/output/spectf/5/2_sample_spectf.logreg>
============

File name	:	../../Split_data/output/spectf/5/2_sample_spectf.logreg
Problem name 	:	2_sample_spectf
Number of data	:	213
Number of var	:	44
The given data has linear independence

[dim=1] time: 0.008606
[dim=2] time: 0.025581
[dim=3] time: 0.035657
[dim=4] time: 0.042737
[dim=5] time: 0.049634
[dim=6] time: 0.055738
[dim=7] time: 0.062066
[dim=8] time: 0.068186
[dim=9] time: 0.074162
[dim=10] time: 0.080209
[dim=11] time: 0.086375
[dim=12] time: 0.091803
[dim=13] Time of forward = 0.096962sec.
AIC: 126.595
k: 12

[dim=44] time: 0.033228
[dim=43] time: 0.047807
[dim=42] time: 0.063318
[dim=41] time: 0.077332
[dim=40] time: 0.094811
[dim=39] time: 0.109406
[dim=38] time: 0.124988
[dim=37] time: 0.139164
[dim=36] time: 0.154601
[dim=35] time: 0.167526
[dim=34] time: 0.188563
[dim=33] time: 0.198681
[dim=32] time: 0.210585
[dim=31] time: 0.223628
[dim=30] time: 0.233702
[dim=29] time: 0.245111
[dim=28] time: 0.258054
[dim=27] time: 0.269692
[dim=26] time: 0.278339
[dim=25] time: 0.284879
[dim=24] time: 0.293449
[dim=23] time: 0.302079
[dim=22] time: 0.309851
[dim=21] time: 0.316317
[dim=20] Time of backward = 0.323309sec.
AIC: 125.519
k: 21
