SCIP version 5.0.0 [precision: 8 byte] [memory: block] [mode: optimized] [LP solver: NONE] [GitHash: 3bbd232]
Copyright (C) 2002-2017 Konrad-Zuse-Zentrum fuer Informationstechnik Berlin (ZIB)

External codes: 
  Readline EditLine w  GNU library for command line editing (gnu.org/s/readline)
  CppAD 20160000.1     Algorithmic Differentiation of C++ algorithms developed by B. Bell (www.coin-or.org/CppAD)
  ZLIB 1.2.5           General purpose compression library by J. Gailly and M. Adler (zlib.net)
  GMP 6.1.2            GNU Multiple Precision Arithmetic Library developed by T. Granlund (gmplib.org)

user parameter file <scip.set> not found - using default parameters

read problem <../../Split_data/output/parkin/3/2_sample_parkin.logreg>
============

File name	:	../../Split_data/output/parkin/3/2_sample_parkin.logreg
Problem name 	:	2_sample_parkin
Number of data	:	156
Number of var	:	22
The given data has linear independence

[dim=1] time: 0.003077
[dim=2] time: 0.006187
[dim=3] time: 0.008934
[dim=4] time: 0.011197
[dim=5] time: 0.013431
[dim=6] time: 0.015759
[dim=7] Time of forward = 0.019558sec.
AIC: 105.373
k: 6

[dim=22] time: 0.062924
[dim=21] time: 0.091416
[dim=20] time: 0.117734
[dim=19] time: 0.295455
[dim=18] time: 0.29964
[dim=17] time: 0.313988
[dim=16] time: 0.318328
[dim=15] time: 0.334353
[dim=14] time: 0.337104
[dim=13] time: 0.338951
[dim=12] time: 0.341303
[dim=11] time: 0.343512
[dim=10] time: 0.345445
[dim=9] time: 0.347166
[dim=8] Time of backward = 0.348345sec.
AIC: 99.1816
k: 9
