SCIP version 5.0.0 [precision: 8 byte] [memory: block] [mode: optimized] [LP solver: NONE] [GitHash: 3bbd232]
Copyright (C) 2002-2017 Konrad-Zuse-Zentrum fuer Informationstechnik Berlin (ZIB)

External codes: 
  Readline EditLine w  GNU library for command line editing (gnu.org/s/readline)
  CppAD 20160000.1     Algorithmic Differentiation of C++ algorithms developed by B. Bell (www.coin-or.org/CppAD)
  ZLIB 1.2.5           General purpose compression library by J. Gailly and M. Adler (zlib.net)
  GMP 6.1.2            GNU Multiple Precision Arithmetic Library developed by T. Granlund (gmplib.org)

user parameter file <scip.set> not found - using default parameters

read problem <../../Split_data/output/parkin/3/4_sample_parkin.logreg>
============

File name	:	../../Split_data/output/parkin/3/4_sample_parkin.logreg
Problem name 	:	4_sample_parkin
Number of data	:	156
Number of var	:	22
The given data has linear independence

[dim=1] time: 0.003248
[dim=2] time: 0.006458
[dim=3] time: 0.008868
[dim=4] time: 0.011358
[dim=5] time: 0.013779
[dim=6] time: 0.017932
[dim=7] time: 0.022017
[dim=8] time: 0.025439
[dim=9] Time of forward = 0.029201sec.
AIC: 67.4842
k: 8

[dim=22] time: 0.144114
[dim=21] time: 0.342267
[dim=20] time: 0.354888
[dim=19] time: 0.483592
[dim=18] time: 0.493553
[dim=17] time: 0.500781
[dim=16] time: 0.50635
[dim=15] time: 0.512875
[dim=14] time: 0.515978
[dim=13] time: 0.519552
[dim=12] time: 0.521248
[dim=11] Time of backward = 0.524474sec.
AIC: 61.1051
k: 12
