SCIP version 5.0.0 [precision: 8 byte] [memory: block] [mode: optimized] [LP solver: NONE] [GitHash: 3bbd232]
Copyright (C) 2002-2017 Konrad-Zuse-Zentrum fuer Informationstechnik Berlin (ZIB)

External codes: 
  Readline EditLine w  GNU library for command line editing (gnu.org/s/readline)
  CppAD 20160000.1     Algorithmic Differentiation of C++ algorithms developed by B. Bell (www.coin-or.org/CppAD)
  ZLIB 1.2.5           General purpose compression library by J. Gailly and M. Adler (zlib.net)
  GMP 6.1.2            GNU Multiple Precision Arithmetic Library developed by T. Granlund (gmplib.org)

user parameter file <scip.set> not found - using default parameters

read problem <../../Split_data/output/statG/1/2_sample_statG.logreg>
============

File name	:	../../Split_data/output/statG/1/2_sample_statG.logreg
Problem name 	:	2_sample_statG
Number of data	:	800
Number of var	:	61
The given data has linear dependence
13 sets of column vector are linearly dependent:

[dim=1] time: 0.033711
[dim=2] time: 0.075226
[dim=3] time: 0.119635
[dim=4] time: 0.159387
[dim=5] time: 0.200798
[dim=6] time: 0.241719
[dim=7] time: 0.285391
[dim=8] time: 0.327035
[dim=9] time: 0.370409
[dim=10] time: 0.419449
[dim=11] time: 0.475067
[dim=12] time: 0.515217
[dim=13] time: 0.555091
[dim=14] time: 0.594111
[dim=15] time: 0.640387
[dim=16] time: 0.680182
[dim=17] time: 0.729209
[dim=18] time: 0.766316
[dim=19] time: 0.804618
[dim=20] time: 0.842144
[dim=21] Time of forward = 0.888622sec.
AIC: 779.112
k: 20

[dim=48] time: 0.106878
[dim=47] time: 0.181428
[dim=46] time: 0.251843
[dim=45] time: 0.318963
[dim=44] time: 0.372132
[dim=43] time: 0.438332
[dim=42] time: 0.50293
[dim=41] time: 0.569929
[dim=40] time: 0.632961
[dim=39] time: 0.692531
[dim=38] time: 0.73919
[dim=37] time: 0.792165
[dim=36] time: 0.84055
[dim=35] time: 0.882894
[dim=34] time: 0.923956
[dim=33] time: 0.970513
[dim=32] time: 1.01179
[dim=31] time: 1.05166
[dim=30] time: 1.08641
[dim=29] time: 1.12298
[dim=28] time: 1.15912
[dim=27] time: 1.19218
[dim=26] time: 1.22176
[dim=25] Time of backward = 1.25466sec.
AIC: 783.559
k: 26
