SCIP version 5.0.0 [precision: 8 byte] [memory: block] [mode: optimized] [LP solver: NONE] [GitHash: 3bbd232]
Copyright (C) 2002-2017 Konrad-Zuse-Zentrum fuer Informationstechnik Berlin (ZIB)

External codes: 
  Readline EditLine w  GNU library for command line editing (gnu.org/s/readline)
  CppAD 20160000.1     Algorithmic Differentiation of C++ algorithms developed by B. Bell (www.coin-or.org/CppAD)
  ZLIB 1.2.5           General purpose compression library by J. Gailly and M. Adler (zlib.net)
  GMP 6.1.2            GNU Multiple Precision Arithmetic Library developed by T. Granlund (gmplib.org)

user parameter file <scip.set> not found - using default parameters

read problem <../../Split_data/output/statG/1/4_sample_statG.logreg>
============

File name	:	../../Split_data/output/statG/1/4_sample_statG.logreg
Problem name 	:	4_sample_statG
Number of data	:	800
Number of var	:	61
The given data has linear dependence
13 sets of column vector are linearly dependent:

[dim=1] time: 0.039047
[dim=2] time: 0.0913
[dim=3] time: 0.134601
[dim=4] time: 0.185942
[dim=5] time: 0.232605
[dim=6] time: 0.275084
[dim=7] time: 0.335044
[dim=8] time: 0.391654
[dim=9] time: 0.442908
[dim=10] time: 0.501902
[dim=11] time: 0.549328
[dim=12] time: 0.590949
[dim=13] time: 0.634595
[dim=14] time: 0.67721
[dim=15] time: 0.745488
[dim=16] time: 0.804971
[dim=17] time: 0.888575
[dim=18] time: 0.933834
[dim=19] time: 0.982793
[dim=20] time: 1.08257
[dim=21] time: 1.14597
[dim=22] time: 1.24315
[dim=23] Time of forward = 1.29759sec.
AIC: 754.897
k: 22

[dim=48] time: 0.179508
[dim=47] time: 0.248838
[dim=46] time: 0.394071
[dim=45] time: 0.507366
[dim=44] time: 0.670325
[dim=43] time: 0.749812
[dim=42] time: 0.908936
[dim=41] time: 0.999255
[dim=40] time: 1.12907
[dim=39] time: 1.21709
[dim=38] time: 1.32957
[dim=37] time: 1.38954
[dim=36] time: 1.48871
[dim=35] time: 1.55161
[dim=34] time: 1.64871
[dim=33] time: 1.72812
[dim=32] time: 1.81908
[dim=31] time: 1.8777
[dim=30] time: 1.95873
[dim=29] Time of backward = 2.01897sec.
AIC: 756.471
k: 30
