SCIP version 5.0.0 [precision: 8 byte] [memory: block] [mode: optimized] [LP solver: NONE] [GitHash: 3bbd232]
Copyright (C) 2002-2017 Konrad-Zuse-Zentrum fuer Informationstechnik Berlin (ZIB)

External codes: 
  Readline EditLine w  GNU library for command line editing (gnu.org/s/readline)
  CppAD 20160000.1     Algorithmic Differentiation of C++ algorithms developed by B. Bell (www.coin-or.org/CppAD)
  ZLIB 1.2.5           General purpose compression library by J. Gailly and M. Adler (zlib.net)
  GMP 6.1.2            GNU Multiple Precision Arithmetic Library developed by T. Granlund (gmplib.org)

user parameter file <scip.set> not found - using default parameters

read problem <../../Split_data/output/biodeg/6/2_sample_biodeg.logreg>
============

File name	:	../../Split_data/output/biodeg/6/2_sample_biodeg.logreg
Problem name 	:	2_sample_biodeg
Number of data	:	844
Number of var	:	41
The given data has linear dependence
1 sets of column vector are linearly dependent:
{ 19}, 

[dim=1] time: 0.034729
[dim=2] time: 0.069188
[dim=3] time: 0.101002
[dim=4] time: 0.13938
[dim=5] time: 0.170157
[dim=6] time: 0.199514
[dim=7] time: 0.227831
[dim=8] time: 0.258214
[dim=9] time: 0.285144
[dim=10] time: 0.312652
[dim=11] time: 0.33966
[dim=12] time: 0.366015
[dim=13] time: 0.391657
[dim=14] time: 0.408995
[dim=15] time: 0.426157
[dim=16] time: 0.443129
[dim=17] time: 0.459598
[dim=18] time: 0.476326
[dim=19] time: 0.493355
[dim=20] time: 0.519095
[dim=21] time: 0.537567
[dim=22] time: 0.55698
[dim=23] time: 0.573102
[dim=24] time: 0.58698
[dim=25] Time of forward = 0.600813sec.
AIC: 541.449
k: 24

[dim=40] time: 0.176108
[dim=39] time: 0.226446
[dim=38] time: 0.278882
[dim=37] time: 0.324291
[dim=36] time: 0.373615
[dim=35] time: 0.419445
[dim=34] time: 0.454274
[dim=33] time: 0.487954
[dim=32] time: 0.53464
[dim=31] time: 0.569863
[dim=30] time: 0.627524
[dim=29] time: 0.65999
[dim=28] time: 0.693555
[dim=27] time: 0.725423
[dim=26] time: 0.760321
[dim=25] time: 0.78649
[dim=24] time: 0.810691
[dim=23] time: 0.835819
[dim=22] Time of backward = 0.865497sec.
AIC: 541.152
k: 23
