SCIP version 5.0.0 [precision: 8 byte] [memory: block] [mode: optimized] [LP solver: NONE] [GitHash: 3bbd232]
Copyright (C) 2002-2017 Konrad-Zuse-Zentrum fuer Informationstechnik Berlin (ZIB)

External codes: 
  Readline EditLine w  GNU library for command line editing (gnu.org/s/readline)
  CppAD 20160000.1     Algorithmic Differentiation of C++ algorithms developed by B. Bell (www.coin-or.org/CppAD)
  ZLIB 1.2.5           General purpose compression library by J. Gailly and M. Adler (zlib.net)
  GMP 6.1.2            GNU Multiple Precision Arithmetic Library developed by T. Granlund (gmplib.org)

user parameter file <scip.set> not found - using default parameters

read problem <../../Split_data/output/biodeg/6/4_sample_biodeg.logreg>
============

File name	:	../../Split_data/output/biodeg/6/4_sample_biodeg.logreg
Problem name 	:	4_sample_biodeg
Number of data	:	844
Number of var	:	41
The given data has linear independence

[dim=1] time: 0.034549
[dim=2] time: 0.066357
[dim=3] time: 0.101159
[dim=4] time: 0.136879
[dim=5] time: 0.168945
[dim=6] time: 0.198595
[dim=7] time: 0.218386
[dim=8] time: 0.238315
[dim=9] time: 0.258788
[dim=10] time: 0.281495
[dim=11] time: 0.302098
[dim=12] time: 0.32241
[dim=13] time: 0.344064
[dim=14] time: 0.365237
[dim=15] time: 0.391226
[dim=16] time: 0.411323
[dim=17] time: 0.436847
[dim=18] time: 0.454908
[dim=19] time: 0.479162
[dim=20] time: 0.498821
[dim=21] time: 0.520678
[dim=22] time: 0.539182
[dim=23] time: 0.560816
[dim=24] time: 0.577604
[dim=25] Time of forward = 0.592933sec.
AIC: 534.192
k: 24

[dim=41] time: 0.173438
[dim=40] time: 0.236735
[dim=39] time: 0.304326
[dim=38] time: 0.356015
[dim=37] time: 0.401878
[dim=36] time: 0.462704
[dim=35] time: 0.516768
[dim=34] time: 0.569494
[dim=33] time: 0.618076
[dim=32] time: 0.667951
[dim=31] time: 0.721698
[dim=30] time: 0.76728
[dim=29] time: 0.802225
[dim=28] time: 0.837203
[dim=27] time: 0.870074
[dim=26] time: 0.897561
[dim=25] time: 0.923914
[dim=24] Time of backward = 0.950783sec.
AIC: 528.882
k: 25
