SCIP version 5.0.0 [precision: 8 byte] [memory: block] [mode: optimized] [LP solver: NONE] [GitHash: 3bbd232]
Copyright (C) 2002-2017 Konrad-Zuse-Zentrum fuer Informationstechnik Berlin (ZIB)

External codes: 
  Readline EditLine w  GNU library for command line editing (gnu.org/s/readline)
  CppAD 20160000.1     Algorithmic Differentiation of C++ algorithms developed by B. Bell (www.coin-or.org/CppAD)
  ZLIB 1.2.5           General purpose compression library by J. Gailly and M. Adler (zlib.net)
  GMP 6.1.2            GNU Multiple Precision Arithmetic Library developed by T. Granlund (gmplib.org)

user parameter file <scip.set> not found - using default parameters

read problem <../../Split_data/output/parkin/1/2_sample_parkin.logreg>
============

File name	:	../../Split_data/output/parkin/1/2_sample_parkin.logreg
Problem name 	:	2_sample_parkin
Number of data	:	156
Number of var	:	22
The given data has linear independence

[dim=1] time: 0.003078
[dim=2] time: 0.006673
[dim=3] time: 0.010316
[dim=4] time: 0.014144
[dim=5] time: 0.017612
[dim=6] time: 0.020774
[dim=7] time: 0.023723
[dim=8] time: 0.026592
[dim=9] time: 0.028479
[dim=10] time: 0.030093
[dim=11] Time of forward = 0.031608sec.
AIC: 101.562
k: 10

[dim=22] time: 0.019706
[dim=21] time: 0.036973
[dim=20] time: 0.093598
[dim=19] time: 0.09779
[dim=18] time: 0.107103
[dim=17] time: 0.116566
[dim=16] time: 0.120944
[dim=15] time: 0.123861
[dim=14] time: 0.126382
[dim=13] time: 0.128043
[dim=12] time: 0.130089
[dim=11] time: 0.131683
[dim=10] time: 0.133432
[dim=9] time: 0.135089
[dim=8] Time of backward = 0.136201sec.
AIC: 99.5635
k: 9
