SCIP version 5.0.0 [precision: 8 byte] [memory: block] [mode: optimized] [LP solver: NONE] [GitHash: 3bbd232]
Copyright (C) 2002-2017 Konrad-Zuse-Zentrum fuer Informationstechnik Berlin (ZIB)

External codes: 
  Readline EditLine w  GNU library for command line editing (gnu.org/s/readline)
  CppAD 20160000.1     Algorithmic Differentiation of C++ algorithms developed by B. Bell (www.coin-or.org/CppAD)
  ZLIB 1.2.5           General purpose compression library by J. Gailly and M. Adler (zlib.net)
  GMP 6.1.2            GNU Multiple Precision Arithmetic Library developed by T. Granlund (gmplib.org)

user parameter file <scip.set> not found - using default parameters

read problem <../../Split_data/output/breast/9/2_sample_breast.logreg>
============

File name	:	../../Split_data/output/breast/9/2_sample_breast.logreg
Problem name 	:	2_sample_breast
Number of data	:	155
Number of var	:	33
The given data has linear dependence
16 sets of column vector are linearly dependent:
elements are all 0
elements are all 0
elements are all 0
elements are all 0
elements are all 0
elements are all 0

[dim=1] time: 0.003767
[dim=2] time: 0.007461
[dim=3] time: 0.009807
[dim=4] time: 0.012111
[dim=5] Time of forward = 0.014289sec.
AIC: 141.184
k: 4

[dim=17] time: 0.005458
[dim=16] time: 0.008191
[dim=15] time: 0.013346
[dim=14] time: 0.017686
[dim=13] time: 0.021612
[dim=12] time: 0.024384
[dim=11] time: 0.026193
[dim=10] time: 0.028018
[dim=9] time: 0.030009
[dim=8] time: 0.031534
[dim=7] Time of backward = 0.032768sec.
AIC: 132.079
k: 8
