SCIP version 5.0.0 [precision: 8 byte] [memory: block] [mode: optimized] [LP solver: NONE] [GitHash: 3bbd232]
Copyright (C) 2002-2017 Konrad-Zuse-Zentrum fuer Informationstechnik Berlin (ZIB)

External codes: 
  Readline EditLine w  GNU library for command line editing (gnu.org/s/readline)
  CppAD 20160000.1     Algorithmic Differentiation of C++ algorithms developed by B. Bell (www.coin-or.org/CppAD)
  ZLIB 1.2.5           General purpose compression library by J. Gailly and M. Adler (zlib.net)
  GMP 6.1.2            GNU Multiple Precision Arithmetic Library developed by T. Granlund (gmplib.org)

user parameter file <scip.set> not found - using default parameters

read problem <../../Split_data/output/breast/9/4_sample_breast.logreg>
============

File name	:	../../Split_data/output/breast/9/4_sample_breast.logreg
Problem name 	:	4_sample_breast
Number of data	:	155
Number of var	:	33
The given data has linear independence

[dim=1] time: 0.003704
[dim=2] time: 0.007879
[dim=3] time: 0.012051
[dim=4] time: 0.016201
[dim=5] time: 0.020385
[dim=6] time: 0.024498
[dim=7] time: 0.028028
[dim=8] time: 0.032171
[dim=9] time: 0.037219
[dim=10] time: 0.040982
[dim=11] time: 0.044474
[dim=12] time: 0.047426
[dim=13] time: 0.050251
[dim=14] time: 0.052847
[dim=15] time: 0.05541
[dim=16] time: 0.058148
[dim=17] time: 0.06074
[dim=18] Time of forward = 0.062952sec.
AIC: 123.642
k: 17

[dim=33] time: 0.015744
[dim=32] time: 0.043384
[dim=31] time: 0.057402
[dim=30] time: 0.073519
[dim=29] Time of backward = 0.086652sec.
AIC: 111.82
k: 30
