SCIP version 5.0.0 [precision: 8 byte] [memory: block] [mode: optimized] [LP solver: NONE] [GitHash: 3bbd232]
Copyright (C) 2002-2017 Konrad-Zuse-Zentrum fuer Informationstechnik Berlin (ZIB)

External codes: 
  Readline EditLine w  GNU library for command line editing (gnu.org/s/readline)
  CppAD 20160000.1     Algorithmic Differentiation of C++ algorithms developed by B. Bell (www.coin-or.org/CppAD)
  ZLIB 1.2.5           General purpose compression library by J. Gailly and M. Adler (zlib.net)
  GMP 6.1.2            GNU Multiple Precision Arithmetic Library developed by T. Granlund (gmplib.org)

user parameter file <scip.set> not found - using default parameters

read problem <../../Split_data/output/spectf/2/2_sample_spectf.logreg>
============

File name	:	../../Split_data/output/spectf/2/2_sample_spectf.logreg
Problem name 	:	2_sample_spectf
Number of data	:	214
Number of var	:	44
The given data has linear independence

[dim=1] time: 0.009359
[dim=2] time: 0.017512
[dim=3] time: 0.025459
[dim=4] time: 0.032309
[dim=5] time: 0.039345
[dim=6] time: 0.04581
[dim=7] time: 0.052085
[dim=8] time: 0.058914
[dim=9] Time of forward = 0.065152sec.
AIC: 139.868
k: 8

[dim=44] time: 0.027328
[dim=43] time: 0.041677
[dim=42] time: 0.058866
[dim=41] time: 0.071437
[dim=40] time: 0.087743
[dim=39] time: 0.099634
[dim=38] time: 0.116518
[dim=37] time: 0.12867
[dim=36] time: 0.142439
[dim=35] time: 0.156019
[dim=34] time: 0.170138
[dim=33] time: 0.183687
[dim=32] time: 0.201565
[dim=31] time: 0.211312
[dim=30] time: 0.222004
[dim=29] time: 0.231491
[dim=28] time: 0.240392
[dim=27] time: 0.25034
[dim=26] time: 0.257607
[dim=25] time: 0.266013
[dim=24] time: 0.271663
[dim=23] time: 0.27793
[dim=22] time: 0.285586
[dim=21] time: 0.291422
[dim=20] time: 0.297401
[dim=19] time: 0.302777
[dim=18] time: 0.308874
[dim=17] time: 0.313417
[dim=16] Time of backward = 0.318071sec.
AIC: 133.863
k: 17
