SCIP version 5.0.0 [precision: 8 byte] [memory: block] [mode: optimized] [LP solver: NONE] [GitHash: 3bbd232]
Copyright (C) 2002-2017 Konrad-Zuse-Zentrum fuer Informationstechnik Berlin (ZIB)

External codes: 
  Readline EditLine w  GNU library for command line editing (gnu.org/s/readline)
  CppAD 20160000.1     Algorithmic Differentiation of C++ algorithms developed by B. Bell (www.coin-or.org/CppAD)
  ZLIB 1.2.5           General purpose compression library by J. Gailly and M. Adler (zlib.net)
  GMP 6.1.2            GNU Multiple Precision Arithmetic Library developed by T. Granlund (gmplib.org)

user parameter file <scip.set> not found - using default parameters

read problem <../../Split_data/output/biodeg/4/2_sample_biodeg.logreg>
============

File name	:	../../Split_data/output/biodeg/4/2_sample_biodeg.logreg
Problem name 	:	2_sample_biodeg
Number of data	:	844
Number of var	:	41
The given data has linear independence

[dim=1] time: 0.028848
[dim=2] time: 0.058491
[dim=3] time: 0.100521
[dim=4] time: 0.131357
[dim=5] time: 0.163678
[dim=6] time: 0.200248
[dim=7] time: 0.237969
[dim=8] time: 0.270832
[dim=9] time: 0.299393
[dim=10] time: 0.328559
[dim=11] time: 0.356917
[dim=12] time: 0.38353
[dim=13] time: 0.409506
[dim=14] time: 0.434514
[dim=15] time: 0.458883
[dim=16] time: 0.482785
[dim=17] time: 0.505383
[dim=18] time: 0.527373
[dim=19] time: 0.551139
[dim=20] time: 0.567439
[dim=21] time: 0.583461
[dim=22] Time of forward = 0.599845sec.
AIC: 527.016
k: 21

[dim=41] time: 0.142283
[dim=40] time: 0.196819
[dim=39] time: 0.249334
[dim=38] time: 0.301625
[dim=37] time: 0.34812
[dim=36] time: 0.390378
[dim=35] time: 0.445148
[dim=34] time: 0.497585
[dim=33] time: 0.562608
[dim=32] time: 0.603964
[dim=31] time: 0.647185
[dim=30] time: 0.711062
[dim=29] time: 0.745157
[dim=28] time: 0.791988
[dim=27] time: 0.818351
[dim=26] time: 0.843567
[dim=25] time: 0.869113
[dim=24] time: 0.909306
[dim=23] time: 0.943563
[dim=22] Time of backward = 0.974754sec.
AIC: 523.282
k: 23
