SCIP version 5.0.0 [precision: 8 byte] [memory: block] [mode: optimized] [LP solver: NONE] [GitHash: 3bbd232]
Copyright (C) 2002-2017 Konrad-Zuse-Zentrum fuer Informationstechnik Berlin (ZIB)

External codes: 
  Readline EditLine w  GNU library for command line editing (gnu.org/s/readline)
  CppAD 20160000.1     Algorithmic Differentiation of C++ algorithms developed by B. Bell (www.coin-or.org/CppAD)
  ZLIB 1.2.5           General purpose compression library by J. Gailly and M. Adler (zlib.net)
  GMP 6.1.2            GNU Multiple Precision Arithmetic Library developed by T. Granlund (gmplib.org)

user parameter file <scip.set> not found - using default parameters

read problem <../../Split_data/output/spectf/4/2_sample_spectf.logreg>
============

File name	:	../../Split_data/output/spectf/4/2_sample_spectf.logreg
Problem name 	:	2_sample_spectf
Number of data	:	214
Number of var	:	44
The given data has linear independence

[dim=1] time: 0.008135
[dim=2] time: 0.016553
[dim=3] time: 0.024419
[dim=4] time: 0.03139
[dim=5] time: 0.037933
[dim=6] time: 0.044078
[dim=7] time: 0.050402
[dim=8] time: 0.056111
[dim=9] time: 0.061255
[dim=10] time: 0.066924
[dim=11] Time of forward = 0.072093sec.
AIC: 135.114
k: 10

[dim=44] time: 0.031263
[dim=43] time: 0.045788
[dim=42] time: 0.065182
[dim=41] time: 0.081965
[dim=40] time: 0.100895
[dim=39] time: 0.120733
[dim=38] time: 0.136908
[dim=37] time: 0.149519
[dim=36] time: 0.163558
[dim=35] time: 0.180219
[dim=34] time: 0.193614
[dim=33] time: 0.206627
[dim=32] time: 0.218043
[dim=31] time: 0.227921
[dim=30] time: 0.238887
[dim=29] time: 0.249466
[dim=28] time: 0.259489
[dim=27] time: 0.267213
[dim=26] time: 0.277016
[dim=25] time: 0.284358
[dim=24] time: 0.291688
[dim=23] time: 0.297953
[dim=22] time: 0.302677
[dim=21] time: 0.309906
[dim=20] time: 0.315311
[dim=19] time: 0.321391
[dim=18] time: 0.326818
[dim=17] time: 0.331776
[dim=16] time: 0.336261
[dim=15] Time of backward = 0.340279sec.
AIC: 137.139
k: 16
