SCIP version 5.0.0 [precision: 8 byte] [memory: block] [mode: optimized] [LP solver: NONE] [GitHash: 3bbd232]
Copyright (C) 2002-2017 Konrad-Zuse-Zentrum fuer Informationstechnik Berlin (ZIB)

External codes: 
  Readline EditLine w  GNU library for command line editing (gnu.org/s/readline)
  CppAD 20160000.1     Algorithmic Differentiation of C++ algorithms developed by B. Bell (www.coin-or.org/CppAD)
  ZLIB 1.2.5           General purpose compression library by J. Gailly and M. Adler (zlib.net)
  GMP 6.1.2            GNU Multiple Precision Arithmetic Library developed by T. Granlund (gmplib.org)

user parameter file <scip.set> not found - using default parameters

read problem <../../Split_data/output/spectf/8/2_sample_spectf.logreg>
============

File name	:	../../Split_data/output/spectf/8/2_sample_spectf.logreg
Problem name 	:	2_sample_spectf
Number of data	:	214
Number of var	:	44
The given data has linear independence

[dim=1] time: 0.008694
[dim=2] time: 0.017031
[dim=3] time: 0.024805
[dim=4] time: 0.032017
[dim=5] time: 0.038578
[dim=6] time: 0.051878
[dim=7] time: 0.061776
[dim=8] time: 0.067484
[dim=9] Time of forward = 0.078338sec.
AIC: 126.96
k: 8

[dim=44] time: 0.035041
[dim=43] time: 0.048337
[dim=42] time: 0.062183
[dim=41] time: 0.074494
[dim=40] time: 0.097577
[dim=39] time: 0.111155
[dim=38] time: 0.124019
[dim=37] time: 0.137291
[dim=36] time: 0.149892
[dim=35] time: 0.163054
[dim=34] time: 0.175148
[dim=33] time: 0.184942
[dim=32] time: 0.193365
[dim=31] time: 0.203829
[dim=30] time: 0.212654
[dim=29] time: 0.222353
[dim=28] time: 0.230001
[dim=27] time: 0.239472
[dim=26] time: 0.24747
[dim=25] time: 0.253781
[dim=24] time: 0.260588
[dim=23] time: 0.267422
[dim=22] time: 0.275316
[dim=21] time: 0.282159
[dim=20] time: 0.288441
[dim=19] time: 0.294209
[dim=18] time: 0.298654
[dim=17] time: 0.303346
[dim=16] time: 0.307336
[dim=15] time: 0.311361
[dim=14] Time of backward = 0.314943sec.
AIC: 126.28
k: 15
