SCIP version 5.0.0 [precision: 8 byte] [memory: block] [mode: optimized] [LP solver: NONE] [GitHash: 3bbd232]
Copyright (C) 2002-2017 Konrad-Zuse-Zentrum fuer Informationstechnik Berlin (ZIB)

External codes: 
  Readline EditLine w  GNU library for command line editing (gnu.org/s/readline)
  CppAD 20160000.1     Algorithmic Differentiation of C++ algorithms developed by B. Bell (www.coin-or.org/CppAD)
  ZLIB 1.2.5           General purpose compression library by J. Gailly and M. Adler (zlib.net)
  GMP 6.1.2            GNU Multiple Precision Arithmetic Library developed by T. Granlund (gmplib.org)

user parameter file <scip.set> not found - using default parameters

read problem <../../Split_data/output/breast/0/2_sample_breast.logreg>
============

File name	:	../../Split_data/output/breast/0/2_sample_breast.logreg
Problem name 	:	2_sample_breast
Number of data	:	155
Number of var	:	33
The given data has linear dependence
16 sets of column vector are linearly dependent:
elements are all 0
elements are all 0
elements are all 0
elements are all 0
elements are all 0
elements are all 0

[dim=1] time: 0.003509
[dim=2] time: 0.006384
[dim=3] time: 0.008611
[dim=4] Time of forward = 0.010746sec.
AIC: 148.53
k: 3

[dim=17] time: 0.005306
[dim=16] time: 0.007908
[dim=15] time: 0.012115
[dim=14] time: 0.014194
[dim=13] time: 0.016784
[dim=12] time: 0.019033
[dim=11] time: 0.021023
[dim=10] time: 0.023129
[dim=9] time: 0.02491
[dim=8] time: 0.026436
[dim=7] time: 0.027793
[dim=6] Time of backward = 0.028801sec.
AIC: 142.071
k: 7
