SCIP version 5.0.0 [precision: 8 byte] [memory: block] [mode: optimized] [LP solver: NONE] [GitHash: 3bbd232]
Copyright (C) 2002-2017 Konrad-Zuse-Zentrum fuer Informationstechnik Berlin (ZIB)

External codes: 
  Readline EditLine w  GNU library for command line editing (gnu.org/s/readline)
  CppAD 20160000.1     Algorithmic Differentiation of C++ algorithms developed by B. Bell (www.coin-or.org/CppAD)
  ZLIB 1.2.5           General purpose compression library by J. Gailly and M. Adler (zlib.net)
  GMP 6.1.2            GNU Multiple Precision Arithmetic Library developed by T. Granlund (gmplib.org)

user parameter file <scip.set> not found - using default parameters

read problem <../../Split_data/output/parkin/0/2_sample_parkin.logreg>
============

File name	:	../../Split_data/output/parkin/0/2_sample_parkin.logreg
Problem name 	:	2_sample_parkin
Number of data	:	156
Number of var	:	22
The given data has linear independence

[dim=1] time: 0.003861
[dim=2] time: 0.006955
[dim=3] time: 0.009468
[dim=4] time: 0.011598
[dim=5] time: 0.013772
[dim=6] Time of forward = 0.016055sec.
AIC: 92.7728
k: 5

[dim=22] time: 0.032409
[dim=21] time: 0.074889
[dim=20] time: 0.078911
[dim=19] time: 0.086357
[dim=18] time: 0.089858
[dim=17] time: 0.093018
[dim=16] time: 0.096253
[dim=15] time: 0.099048
[dim=14] time: 0.101643
[dim=13] time: 0.103873
[dim=12] time: 0.105929
[dim=11] time: 0.108118
[dim=10] time: 0.109797
[dim=9] time: 0.111094
[dim=8] Time of backward = 0.112628sec.
AIC: 90.6251
k: 9
