SCIP version 5.0.0 [precision: 8 byte] [memory: block] [mode: optimized] [LP solver: NONE] [GitHash: 3bbd232]
Copyright (C) 2002-2017 Konrad-Zuse-Zentrum fuer Informationstechnik Berlin (ZIB)

External codes: 
  Readline EditLine w  GNU library for command line editing (gnu.org/s/readline)
  CppAD 20160000.1     Algorithmic Differentiation of C++ algorithms developed by B. Bell (www.coin-or.org/CppAD)
  ZLIB 1.2.5           General purpose compression library by J. Gailly and M. Adler (zlib.net)
  GMP 6.1.2            GNU Multiple Precision Arithmetic Library developed by T. Granlund (gmplib.org)

user parameter file <scip.set> not found - using default parameters

read problem <../../Split_data/output/statH/8/2_sample_statH.logreg>
============

File name	:	../../Split_data/output/statH/8/2_sample_statH.logreg
Problem name 	:	2_sample_statH
Number of data	:	216
Number of var	:	25
The given data has linear dependence
7 sets of column vector are linearly dependent:
{ 3 4}, { 5 6 7 8}, { 11 12}, { 13 14 15}, { 17 18}, { 20 21 22}, { 24 25 26}, 

[dim=1] time: 0.004494
[dim=2] time: 0.009796
[dim=3] time: 0.016813
[dim=4] time: 0.023473
[dim=5] time: 0.029062
[dim=6] time: 0.033744
[dim=7] time: 0.037788
[dim=8] time: 0.041773
[dim=9] time: 0.045267
[dim=10] time: 0.048678
[dim=11] time: 0.0519
[dim=12] time: 0.056916
[dim=13] Time of forward = 0.062056sec.
AIC: 168.823
k: 12

[dim=18] time: 0.005638
[dim=17] time: 0.009702
[dim=16] time: 0.013722
[dim=15] time: 0.017658
[dim=14] time: 0.023605
[dim=13] time: 0.026327
[dim=12] time: 0.029276
[dim=11] Time of backward = 0.031035sec.
AIC: 169.442
k: 12
